#
# There is insufficient memory for the Java Runtime Environment to continue.
# Native memory allocation (malloc) failed to allocate 735056 bytes for Chunk::new
# Possible reasons:
#   The system is out of physical RAM or swap space
#   The process is running with CompressedOops enabled, and the Java Heap may be blocking the growth of the native heap
# Possible solutions:
#   Reduce memory load on the system
#   Increase physical memory or swap space
#   Check if swap backing store is full
#   Decrease Java heap size (-Xmx/-Xms)
#   Decrease number of Java threads
#   Decrease Java thread stack sizes (-Xss)
#   Set larger code cache with -XX:ReservedCodeCacheSize=
#   JVM is running with Unscaled Compressed Oops mode in which the Java heap is
#     placed in the first 4GB address space. The Java Heap base address is the
#     maximum limit for the native heap growth. Please use -XX:HeapBaseMinAddress
#     to set the Java Heap base and to place the Java Heap above 4GB virtual address.
# This output file may be truncated or incomplete.
#
#  Out of Memory Error (./open/src/hotspot/share/memory/arena.cpp:197), pid=15944, tid=4124
#
# JRE version: Java(TM) SE Runtime Environment 18.9 (11.0.12+8) (build 11.0.12+8-LTS-237)
# Java VM: Java HotSpot(TM) 64-Bit Server VM 18.9 (11.0.12+8-LTS-237, mixed mode, tiered, compressed oops, g1 gc, windows-amd64)
# No core dump will be written. Minidumps are not enabled by default on client versions of Windows
#

---------------  S U M M A R Y ------------

Command Line: -javaagent:C:\Program Files\JetBrains\IntelliJ IDEA Community Edition 2021.3.2\lib\idea_rt.jar=64336:C:\Program Files\JetBrains\IntelliJ IDEA Community Edition 2021.3.2\bin -Dfile.encoding=UTF-8 com.example.UserAuthenticationService.UserAuthenticationServiceApplication

Host: Intel(R) Core(TM) i7-7500U CPU @ 2.70GHz, 4 cores, 3G,  Windows 10 , 64 bit Build 19041 (10.0.19041.1566)
Time: Wed Apr  6 19:03:04 2022 India Standard Time elapsed time: 12.325723 seconds (0d 0h 0m 12s)

---------------  T H R E A D  ---------------

Current thread (0x000001c07e611000):  JavaThread "C2 CompilerThread0" daemon [_thread_in_native, id=4124, stack(0x00000022ce400000,0x00000022ce500000)]


Current CompileTask:
C2:  12325 1632       4       org.springframework.boot.context.properties.source.ConfigurationPropertyName$ElementsParser::parse (234 bytes)

Stack: [0x00000022ce400000,0x00000022ce500000]
Native frames: (J=compiled Java code, j=interpreted, Vv=VM code, C=native code)
V  [jvm.dll+0x617d9a]
V  [jvm.dll+0x74eeef]
V  [jvm.dll+0x750599]
V  [jvm.dll+0x750c23]
V  [jvm.dll+0x2438d8]
V  [jvm.dll+0xba6dc]
V  [jvm.dll+0xbac9c]
V  [jvm.dll+0x346972]
V  [jvm.dll+0x194071]
V  [jvm.dll+0x1fd212]
V  [jvm.dll+0x1fc2ed]
V  [jvm.dll+0x17f18c]
V  [jvm.dll+0x20b87c]
V  [jvm.dll+0x20997b]
V  [jvm.dll+0x716359]
V  [jvm.dll+0x70f064]
V  [jvm.dll+0x616f66]
C  [ucrtbase.dll+0x21bb2]
C  [KERNEL32.DLL+0x17034]
C  [ntdll.dll+0x52651]


---------------  P R O C E S S  ---------------

Threads class SMR info:
_java_thread_list=0x000001c0175cffd0, length=11, elements={
0x000001c0793e8000, 0x000001c07e58b800, 0x000001c07e5af800, 0x000001c07e607800,
0x000001c07e608800, 0x000001c07e609800, 0x000001c07e611000, 0x000001c07e63e000,
0x000001c07e775000, 0x000001c07e840000, 0x000001c07ecc5800
}

Java Threads: ( => current thread )
  0x000001c0793e8000 JavaThread "main" [_thread_in_Java, id=14820, stack(0x00000022cd700000,0x00000022cd800000)]
  0x000001c07e58b800 JavaThread "Reference Handler" daemon [_thread_blocked, id=12832, stack(0x00000022cdf00000,0x00000022ce000000)]
  0x000001c07e5af800 JavaThread "Finalizer" daemon [_thread_blocked, id=4480, stack(0x00000022ce000000,0x00000022ce100000)]
  0x000001c07e607800 JavaThread "Signal Dispatcher" daemon [_thread_blocked, id=8692, stack(0x00000022ce100000,0x00000022ce200000)]
  0x000001c07e608800 JavaThread "Attach Listener" daemon [_thread_blocked, id=6952, stack(0x00000022ce200000,0x00000022ce300000)]
  0x000001c07e609800 JavaThread "Service Thread" daemon [_thread_blocked, id=3056, stack(0x00000022ce300000,0x00000022ce400000)]
=>0x000001c07e611000 JavaThread "C2 CompilerThread0" daemon [_thread_in_native, id=4124, stack(0x00000022ce400000,0x00000022ce500000)]
  0x000001c07e63e000 JavaThread "C1 CompilerThread0" daemon [_thread_blocked, id=17348, stack(0x00000022ce500000,0x00000022ce600000)]
  0x000001c07e775000 JavaThread "Sweeper thread" daemon [_thread_blocked, id=11232, stack(0x00000022ce600000,0x00000022ce700000)]
  0x000001c07e840000 JavaThread "Common-Cleaner" daemon [_thread_blocked, id=9548, stack(0x00000022ce700000,0x00000022ce800000)]
  0x000001c07ecc5800 JavaThread "Monitor Ctrl-Break" daemon [_thread_in_native, id=3048, stack(0x00000022ce800000,0x00000022ce900000)]

Other Threads:
  0x000001c07e589800 VMThread "VM Thread" [stack: 0x00000022cde00000,0x00000022cdf00000] [id=10296]
  0x000001c07eca8800 WatcherThread [stack: 0x00000022ce900000,0x00000022cea00000] [id=8204]
  0x000001c0793fe000 GCTaskThread "GC Thread#0" [stack: 0x00000022cd900000,0x00000022cda00000] [id=7588]
  0x000001c07eca9000 GCTaskThread "GC Thread#1" [stack: 0x00000022cea00000,0x00000022ceb00000] [id=9268]
  0x000001c079417000 ConcurrentGCThread "G1 Main Marker" [stack: 0x00000022cda00000,0x00000022cdb00000] [id=11720]
  0x000001c079418800 ConcurrentGCThread "G1 Conc#0" [stack: 0x00000022cdb00000,0x00000022cdc00000] [id=14560]
  0x000001c079470000 ConcurrentGCThread "G1 Refine#0" [stack: 0x00000022cdc00000,0x00000022cdd00000] [id=1116]
  0x000001c079471000 ConcurrentGCThread "G1 Young RemSet Sampling" [stack: 0x00000022cdd00000,0x00000022cde00000] [id=7852]

Threads with active compile tasks:
C2 CompilerThread0  12372 1632       4       org.springframework.boot.context.properties.source.ConfigurationPropertyName$ElementsParser::parse (234 bytes)

VM state:not at safepoint (normal execution)

VM Mutex/Monitor currently owned by a thread: None

Heap address: 0x00000000c1800000, size: 1000 MB, Compressed Oops mode: 32-bit
Narrow klass base: 0x0000000000000000, Narrow klass shift: 3
Compressed class space size: 1073741824 Address: 0x0000000100000000

Heap:
 garbage-first heap   total 65536K, used 25835K [0x00000000c1800000, 0x0000000100000000)
  region size 1024K, 18 young (18432K), 1 survivors (1024K)
 Metaspace       used 18593K, capacity 19009K, committed 19072K, reserved 1067008K
  class space    used 1994K, capacity 2162K, committed 2176K, reserved 1048576K
Heap Regions: E=young(eden), S=young(survivor), O=old, HS=humongous(starts), HC=humongous(continues), CS=collection set, F=free, A=archive, TAMS=top-at-mark-start (previous, next)
|   0|0x00000000c1800000, 0x00000000c1900000, 0x00000000c1900000|100%|HS|  |TAMS 0x00000000c1800000, 0x00000000c1800000| Complete 
|   1|0x00000000c1900000, 0x00000000c1a00000, 0x00000000c1a00000|100%| O|  |TAMS 0x00000000c1900000, 0x00000000c1900000| Untracked 
|   2|0x00000000c1a00000, 0x00000000c1b00000, 0x00000000c1b00000|100%| O|  |TAMS 0x00000000c1a00000, 0x00000000c1a00000| Untracked 
|   3|0x00000000c1b00000, 0x00000000c1c00000, 0x00000000c1c00000|100%| O|  |TAMS 0x00000000c1b00000, 0x00000000c1b00000| Untracked 
|   4|0x00000000c1c00000, 0x00000000c1d00000, 0x00000000c1d00000|100%| O|  |TAMS 0x00000000c1c00000, 0x00000000c1c00000| Untracked 
|   5|0x00000000c1d00000, 0x00000000c1e00000, 0x00000000c1e00000|100%| O|  |TAMS 0x00000000c1d00000, 0x00000000c1d00000| Untracked 
|   6|0x00000000c1e00000, 0x00000000c1f00000, 0x00000000c1f00000|100%| O|  |TAMS 0x00000000c1e00000, 0x00000000c1e00000| Untracked 
|   7|0x00000000c1f00000, 0x00000000c2000000, 0x00000000c2000000|100%| O|  |TAMS 0x00000000c1f00000, 0x00000000c1f00000| Untracked 
|   8|0x00000000c2000000, 0x00000000c2043400, 0x00000000c2100000| 26%| O|  |TAMS 0x00000000c2000000, 0x00000000c2000000| Untracked 
|   9|0x00000000c2100000, 0x00000000c2100000, 0x00000000c2200000|  0%| F|  |TAMS 0x00000000c2100000, 0x00000000c2100000| Untracked 
|  10|0x00000000c2200000, 0x00000000c2200000, 0x00000000c2300000|  0%| F|  |TAMS 0x00000000c2200000, 0x00000000c2200000| Untracked 
|  11|0x00000000c2300000, 0x00000000c2300000, 0x00000000c2400000|  0%| F|  |TAMS 0x00000000c2300000, 0x00000000c2300000| Untracked 
|  12|0x00000000c2400000, 0x00000000c2400000, 0x00000000c2500000|  0%| F|  |TAMS 0x00000000c2400000, 0x00000000c2400000| Untracked 
|  13|0x00000000c2500000, 0x00000000c2500000, 0x00000000c2600000|  0%| F|  |TAMS 0x00000000c2500000, 0x00000000c2500000| Untracked 
|  14|0x00000000c2600000, 0x00000000c2600000, 0x00000000c2700000|  0%| F|  |TAMS 0x00000000c2600000, 0x00000000c2600000| Untracked 
|  15|0x00000000c2700000, 0x00000000c2700000, 0x00000000c2800000|  0%| F|  |TAMS 0x00000000c2700000, 0x00000000c2700000| Untracked 
|  16|0x00000000c2800000, 0x00000000c2800000, 0x00000000c2900000|  0%| F|  |TAMS 0x00000000c2800000, 0x00000000c2800000| Untracked 
|  17|0x00000000c2900000, 0x00000000c2900000, 0x00000000c2a00000|  0%| F|  |TAMS 0x00000000c2900000, 0x00000000c2900000| Untracked 
|  18|0x00000000c2a00000, 0x00000000c2a00000, 0x00000000c2b00000|  0%| F|  |TAMS 0x00000000c2a00000, 0x00000000c2a00000| Untracked 
|  19|0x00000000c2b00000, 0x00000000c2b00000, 0x00000000c2c00000|  0%| F|  |TAMS 0x00000000c2b00000, 0x00000000c2b00000| Untracked 
|  20|0x00000000c2c00000, 0x00000000c2c00000, 0x00000000c2d00000|  0%| F|  |TAMS 0x00000000c2c00000, 0x00000000c2c00000| Untracked 
|  21|0x00000000c2d00000, 0x00000000c2d00000, 0x00000000c2e00000|  0%| F|  |TAMS 0x00000000c2d00000, 0x00000000c2d00000| Untracked 
|  22|0x00000000c2e00000, 0x00000000c2e00000, 0x00000000c2f00000|  0%| F|  |TAMS 0x00000000c2e00000, 0x00000000c2e00000| Untracked 
|  23|0x00000000c2f00000, 0x00000000c2f00000, 0x00000000c3000000|  0%| F|  |TAMS 0x00000000c2f00000, 0x00000000c2f00000| Untracked 
|  24|0x00000000c3000000, 0x00000000c3000000, 0x00000000c3100000|  0%| F|  |TAMS 0x00000000c3000000, 0x00000000c3000000| Untracked 
|  25|0x00000000c3100000, 0x00000000c3100000, 0x00000000c3200000|  0%| F|  |TAMS 0x00000000c3100000, 0x00000000c3100000| Untracked 
|  26|0x00000000c3200000, 0x00000000c3200000, 0x00000000c3300000|  0%| F|  |TAMS 0x00000000c3200000, 0x00000000c3200000| Untracked 
|  27|0x00000000c3300000, 0x00000000c3300000, 0x00000000c3400000|  0%| F|  |TAMS 0x00000000c3300000, 0x00000000c3300000| Untracked 
|  28|0x00000000c3400000, 0x00000000c3400000, 0x00000000c3500000|  0%| F|  |TAMS 0x00000000c3400000, 0x00000000c3400000| Untracked 
|  29|0x00000000c3500000, 0x00000000c3500000, 0x00000000c3600000|  0%| F|  |TAMS 0x00000000c3500000, 0x00000000c3500000| Untracked 
|  30|0x00000000c3600000, 0x00000000c3600000, 0x00000000c3700000|  0%| F|  |TAMS 0x00000000c3600000, 0x00000000c3600000| Untracked 
|  31|0x00000000c3700000, 0x00000000c3700000, 0x00000000c3800000|  0%| F|  |TAMS 0x00000000c3700000, 0x00000000c3700000| Untracked 
|  32|0x00000000c3800000, 0x00000000c3800000, 0x00000000c3900000|  0%| F|  |TAMS 0x00000000c3800000, 0x00000000c3800000| Untracked 
|  33|0x00000000c3900000, 0x00000000c3900000, 0x00000000c3a00000|  0%| F|  |TAMS 0x00000000c3900000, 0x00000000c3900000| Untracked 
|  34|0x00000000c3a00000, 0x00000000c3a00000, 0x00000000c3b00000|  0%| F|  |TAMS 0x00000000c3a00000, 0x00000000c3a00000| Untracked 
|  35|0x00000000c3b00000, 0x00000000c3b00000, 0x00000000c3c00000|  0%| F|  |TAMS 0x00000000c3b00000, 0x00000000c3b00000| Untracked 
|  36|0x00000000c3c00000, 0x00000000c3c00000, 0x00000000c3d00000|  0%| F|  |TAMS 0x00000000c3c00000, 0x00000000c3c00000| Untracked 
|  37|0x00000000c3d00000, 0x00000000c3d00000, 0x00000000c3e00000|  0%| F|  |TAMS 0x00000000c3d00000, 0x00000000c3d00000| Untracked 
|  38|0x00000000c3e00000, 0x00000000c3e00000, 0x00000000c3f00000|  0%| F|  |TAMS 0x00000000c3e00000, 0x00000000c3e00000| Untracked 
|  39|0x00000000c3f00000, 0x00000000c3f00000, 0x00000000c4000000|  0%| F|  |TAMS 0x00000000c3f00000, 0x00000000c3f00000| Untracked 
|  40|0x00000000c4000000, 0x00000000c40f7a80, 0x00000000c4100000| 96%| S|CS|TAMS 0x00000000c4000000, 0x00000000c4000000| Complete 
|  41|0x00000000c4100000, 0x00000000c4100000, 0x00000000c4200000|  0%| F|  |TAMS 0x00000000c4100000, 0x00000000c4100000| Untracked 
|  42|0x00000000c4200000, 0x00000000c4200000, 0x00000000c4300000|  0%| F|  |TAMS 0x00000000c4200000, 0x00000000c4200000| Untracked 
|  43|0x00000000c4300000, 0x00000000c4300000, 0x00000000c4400000|  0%| F|  |TAMS 0x00000000c4300000, 0x00000000c4300000| Untracked 
|  44|0x00000000c4400000, 0x00000000c4400000, 0x00000000c4500000|  0%| F|  |TAMS 0x00000000c4400000, 0x00000000c4400000| Untracked 
|  45|0x00000000c4500000, 0x00000000c4500000, 0x00000000c4600000|  0%| F|  |TAMS 0x00000000c4500000, 0x00000000c4500000| Untracked 
|  46|0x00000000c4600000, 0x00000000c4600000, 0x00000000c4700000|  0%| F|  |TAMS 0x00000000c4600000, 0x00000000c4600000| Untracked 
|  47|0x00000000c4700000, 0x00000000c47f1cf8, 0x00000000c4800000| 94%| E|  |TAMS 0x00000000c4700000, 0x00000000c4700000| Complete 
|  48|0x00000000c4800000, 0x00000000c4900000, 0x00000000c4900000|100%| E|CS|TAMS 0x00000000c4800000, 0x00000000c4800000| Complete 
|  49|0x00000000c4900000, 0x00000000c4a00000, 0x00000000c4a00000|100%| E|CS|TAMS 0x00000000c4900000, 0x00000000c4900000| Complete 
|  50|0x00000000c4a00000, 0x00000000c4b00000, 0x00000000c4b00000|100%| E|CS|TAMS 0x00000000c4a00000, 0x00000000c4a00000| Complete 
|  51|0x00000000c4b00000, 0x00000000c4c00000, 0x00000000c4c00000|100%| E|CS|TAMS 0x00000000c4b00000, 0x00000000c4b00000| Complete 
|  52|0x00000000c4c00000, 0x00000000c4d00000, 0x00000000c4d00000|100%| E|CS|TAMS 0x00000000c4c00000, 0x00000000c4c00000| Complete 
|  53|0x00000000c4d00000, 0x00000000c4e00000, 0x00000000c4e00000|100%| E|CS|TAMS 0x00000000c4d00000, 0x00000000c4d00000| Complete 
|  54|0x00000000c4e00000, 0x00000000c4f00000, 0x00000000c4f00000|100%| E|CS|TAMS 0x00000000c4e00000, 0x00000000c4e00000| Complete 
|  55|0x00000000c4f00000, 0x00000000c5000000, 0x00000000c5000000|100%| E|CS|TAMS 0x00000000c4f00000, 0x00000000c4f00000| Complete 
|  56|0x00000000c5000000, 0x00000000c5100000, 0x00000000c5100000|100%| E|CS|TAMS 0x00000000c5000000, 0x00000000c5000000| Complete 
|  57|0x00000000c5100000, 0x00000000c5200000, 0x00000000c5200000|100%| E|CS|TAMS 0x00000000c5100000, 0x00000000c5100000| Complete 
|  58|0x00000000c5200000, 0x00000000c5300000, 0x00000000c5300000|100%| E|CS|TAMS 0x00000000c5200000, 0x00000000c5200000| Complete 
|  59|0x00000000c5300000, 0x00000000c5400000, 0x00000000c5400000|100%| E|CS|TAMS 0x00000000c5300000, 0x00000000c5300000| Complete 
|  60|0x00000000c5400000, 0x00000000c5500000, 0x00000000c5500000|100%| E|CS|TAMS 0x00000000c5400000, 0x00000000c5400000| Complete 
|  61|0x00000000c5500000, 0x00000000c5600000, 0x00000000c5600000|100%| E|CS|TAMS 0x00000000c5500000, 0x00000000c5500000| Complete 
|  62|0x00000000c5600000, 0x00000000c5700000, 0x00000000c5700000|100%| E|CS|TAMS 0x00000000c5600000, 0x00000000c5600000| Complete 
|  63|0x00000000c5700000, 0x00000000c5800000, 0x00000000c5800000|100%| E|CS|TAMS 0x00000000c5700000, 0x00000000c5700000| Complete 

Card table byte_map: [0x000001c0794c0000,0x000001c0796c0000] _byte_map_base: 0x000001c078eb4000

Marking Bits (Prev, Next): (CMBitMap*) 0x000001c079412698, (CMBitMap*) 0x000001c0794126d0
 Prev Bits: [0x000001c0798c0000, 0x000001c07a860000)
 Next Bits: [0x000001c07a860000, 0x000001c07b800000)

Polling page: 0x000001c077190000

Metaspace:

Usage:
  Non-class:     16.45 MB capacity,    16.21 MB ( 99%) used,   198.24 KB (  1%) free+waste,    47.00 KB ( <1%) overhead. 
      Class:      2.11 MB capacity,     1.95 MB ( 92%) used,   143.21 KB (  7%) free+waste,    23.38 KB (  1%) overhead. 
       Both:     18.56 MB capacity,    18.16 MB ( 98%) used,   341.45 KB (  2%) free+waste,    70.38 KB ( <1%) overhead. 

Virtual space:
  Non-class space:       18.00 MB reserved,      16.50 MB ( 92%) committed 
      Class space:        1.00 GB reserved,       2.13 MB ( <1%) committed 
             Both:        1.02 GB reserved,      18.63 MB (  2%) committed 

Chunk freelists:
   Non-Class:  6.13 KB
       Class:  0 bytes
        Both:  6.13 KB

CodeHeap 'non-profiled nmethods': size=120064Kb used=596Kb max_used=596Kb free=119467Kb
 bounds [0x000001c00fea0000, 0x000001c010110000, 0x000001c0173e0000]
CodeHeap 'profiled nmethods': size=120000Kb used=3345Kb max_used=3345Kb free=116654Kb
 bounds [0x000001c008970000, 0x000001c008cc0000, 0x000001c00fea0000]
CodeHeap 'non-nmethods': size=5696Kb used=1109Kb max_used=1120Kb free=4586Kb
 bounds [0x000001c0083e0000, 0x000001c008650000, 0x000001c008970000]
 total_blobs=2110 nmethods=1688 adapters=333
 compilation: enabled
              stopped_count=0, restarted_count=0
 full_count=0

Compilation events (10 events):
Event: 12.300 Thread 0x000001c07e63e000 1684       3       java.util.HashMap::tableSizeFor (32 bytes)
Event: 12.300 Thread 0x000001c07e63e000 nmethod 1684 0x000001c008cafc10 code [0x000001c008cafdc0, 0x000001c008caffa8]
Event: 12.308 Thread 0x000001c07e63e000 1685       1       org.springframework.core.io.UrlResource::getURL (5 bytes)
Event: 12.308 Thread 0x000001c07e63e000 nmethod 1685 0x000001c00ff34c10 code [0x000001c00ff34da0, 0x000001c00ff34e58]
Event: 12.314 Thread 0x000001c07e63e000 1686       3       java.util.LinkedHashMap$LinkedHashIterator::<init> (31 bytes)
Event: 12.314 Thread 0x000001c07e63e000 nmethod 1686 0x000001c008cb0090 code [0x000001c008cb0240, 0x000001c008cb0498]
Event: 12.319 Thread 0x000001c07e63e000 1687       3       java.util.stream.ReferencePipeline::<init> (7 bytes)
Event: 12.320 Thread 0x000001c07e63e000 nmethod 1687 0x000001c008cb0590 code [0x000001c008cb0740, 0x000001c008cb0868]
Event: 12.320 Thread 0x000001c07e63e000 1688       3       java.util.stream.Sink$ChainedReference::<init> (16 bytes)
Event: 12.321 Thread 0x000001c07e63e000 nmethod 1688 0x000001c008cb0910 code [0x000001c008cb0ae0, 0x000001c008cb0ee8]

GC Heap History (6 events):
Event: 2.518 GC heap before
{Heap before GC invocations=0 (full 0):
 garbage-first heap   total 65536K, used 15360K [0x00000000c1800000, 0x0000000100000000)
  region size 1024K, 14 young (14336K), 0 survivors (0K)
 Metaspace       used 6417K, capacity 6503K, committed 6784K, reserved 1056768K
  class space    used 541K, capacity 570K, committed 640K, reserved 1048576K
}
Event: 2.528 GC heap after
{Heap after GC invocations=1 (full 0):
 garbage-first heap   total 65536K, used 6949K [0x00000000c1800000, 0x0000000100000000)
  region size 1024K, 2 young (2048K), 2 survivors (2048K)
 Metaspace       used 6417K, capacity 6503K, committed 6784K, reserved 1056768K
  class space    used 541K, capacity 570K, committed 640K, reserved 1048576K
}
Event: 4.238 GC heap before
{Heap before GC invocations=1 (full 0):
 garbage-first heap   total 65536K, used 19237K [0x00000000c1800000, 0x0000000100000000)
  region size 1024K, 14 young (14336K), 2 survivors (2048K)
 Metaspace       used 11535K, capacity 11685K, committed 11904K, reserved 1060864K
  class space    used 1090K, capacity 1150K, committed 1152K, reserved 1048576K
}
Event: 4.246 GC heap after
{Heap after GC invocations=2 (full 0):
 garbage-first heap   total 65536K, used 8493K [0x00000000c1800000, 0x0000000100000000)
  region size 1024K, 2 young (2048K), 2 survivors (2048K)
 Metaspace       used 11535K, capacity 11685K, committed 11904K, reserved 1060864K
  class space    used 1090K, capacity 1150K, committed 1152K, reserved 1048576K
}
Event: 5.421 GC heap before
{Heap before GC invocations=2 (full 0):
 garbage-first heap   total 65536K, used 29997K [0x00000000c1800000, 0x0000000100000000)
  region size 1024K, 23 young (23552K), 2 survivors (2048K)
 Metaspace       used 15276K, capacity 15542K, committed 15872K, reserved 1062912K
  class space    used 1583K, capacity 1698K, committed 1792K, reserved 1048576K
}
Event: 5.430 GC heap after
{Heap after GC invocations=3 (full 0):
 garbage-first heap   total 65536K, used 9451K [0x00000000c1800000, 0x0000000100000000)
  region size 1024K, 1 young (1024K), 1 survivors (1024K)
 Metaspace       used 15276K, capacity 15542K, committed 15872K, reserved 1062912K
  class space    used 1583K, capacity 1698K, committed 1792K, reserved 1048576K
}

Deoptimization events (10 events):
Event: 4.816 Thread 0x000001c0793e8000 Uncommon trap: reason=class_check action=maybe_recompile pc=0x000001c00feff3e8 method=java.util.HashMap.putVal(ILjava/lang/Object;Ljava/lang/Object;ZZ)Ljava/lang/Object; @ 253 c2
Event: 4.940 Thread 0x000001c0793e8000 Uncommon trap: reason=class_check action=maybe_recompile pc=0x000001c00feff3e8 method=java.util.HashMap.putVal(ILjava/lang/Object;Ljava/lang/Object;ZZ)Ljava/lang/Object; @ 253 c2
Event: 5.029 Thread 0x000001c0793e8000 Uncommon trap: reason=unstable_if action=reinterpret pc=0x000001c00fef82c0 method=java.util.jar.JarFile.getVersionedEntry(Ljava/lang/String;Ljava/util/jar/JarEntry;)Ljava/util/jar/JarEntry; @ 16 c2
Event: 5.620 Thread 0x000001c0793e8000 Uncommon trap: reason=unstable_if action=reinterpret pc=0x000001c00ff0eee0 method=java.util.HashMap.hash(Ljava/lang/Object;)I @ 1 c2
Event: 5.623 Thread 0x000001c0793e8000 Uncommon trap: reason=unstable_if action=reinterpret pc=0x000001c00fefd6ac method=java.util.HashMap.hash(Ljava/lang/Object;)I @ 1 c2
Event: 6.466 Thread 0x000001c0793e8000 Uncommon trap: reason=class_check action=maybe_recompile pc=0x000001c00ff07d64 method=java.lang.invoke.LambdaForm$Name.replaceNames([Ljava/lang/invoke/LambdaForm$Name;[Ljava/lang/invoke/LambdaForm$Name;II)Ljava/lang/invoke/LambdaForm$Name; @ 33 c2
Event: 6.466 Thread 0x000001c0793e8000 Uncommon trap: reason=class_check action=maybe_recompile pc=0x000001c00ff07d64 method=java.lang.invoke.LambdaForm$Name.replaceNames([Ljava/lang/invoke/LambdaForm$Name;[Ljava/lang/invoke/LambdaForm$Name;II)Ljava/lang/invoke/LambdaForm$Name; @ 33 c2
Event: 11.307 Thread 0x000001c0793e8000 Uncommon trap: reason=unstable_if action=reinterpret pc=0x000001c00ff26300 method=org.springframework.boot.context.properties.source.ConfigurationPropertyName$ElementsParser.updateType(Lorg/springframework/boot/context/properties/source/ConfigurationPrope
Event: 11.642 Thread 0x000001c0793e8000 Uncommon trap: reason=bimorphic_or_optimized_type_check action=maybe_recompile pc=0x000001c00ff1f7bc method=java.util.HashMap.putVal(ILjava/lang/Object;Ljava/lang/Object;ZZ)Ljava/lang/Object; @ 91 c2
Event: 11.647 Thread 0x000001c0793e8000 Uncommon trap: reason=bimorphic_or_optimized_type_check action=maybe_recompile pc=0x000001c00ff1f7bc method=java.util.HashMap.putVal(ILjava/lang/Object;Ljava/lang/Object;ZZ)Ljava/lang/Object; @ 91 c2

Classes redefined (0 events):
No events

Internal exceptions (10 events):
Event: 11.311 Thread 0x000001c0793e8000 Exception <a 'java/lang/NoSuchMethodError'{0x00000000c4c41928}: java.lang.invoke.DirectMethodHandle$Holder.invokeSpecial(Ljava/lang/Object;Ljava/lang/Object;Ljava/lang/Object;Ljava/lang/Object;Ljava/lang/Object;Ljava/lang/Object;Ljava/lang/Object;I)Ljava/
Event: 11.314 Thread 0x000001c0793e8000 Exception <a 'java/lang/NoSuchMethodError'{0x00000000c4c457d0}: java.lang.invoke.Invokers$Holder.linkToTargetMethod(Ljava/lang/Object;Ljava/lang/Object;Ljava/lang/Object;Ljava/lang/Object;Ljava/lang/Object;ILjava/lang/Object;)Ljava/lang/Object;> (0x000000
Event: 11.667 Thread 0x000001c0793e8000 Exception <a 'java/lang/NoSuchMethodError'{0x00000000c4a6af88}: java.lang.invoke.DirectMethodHandle$Holder.invokeInterface(Ljava/lang/Object;Ljava/lang/Object;)I> (0x00000000c4a6af88) thrown at [./open/src/hotspot/share/interpreter/linkResolver.cpp, line 
Event: 11.915 Thread 0x000001c0793e8000 Exception <a 'java/lang/NoSuchMethodError'{0x00000000c4957e20}: java.lang.invoke.DirectMethodHandle$Holder.invokeVirtual(Ljava/lang/Object;Ljava/lang/Object;)I> (0x00000000c4957e20) thrown at [./open/src/hotspot/share/interpreter/linkResolver.cpp, line 77
Event: 11.985 Thread 0x000001c0793e8000 Exception <a 'java/lang/NoSuchMethodError'{0x00000000c49e50b0}: java.lang.invoke.DirectMethodHandle$Holder.invokeSpecial(Ljava/lang/Object;Ljava/lang/Object;Ljava/lang/Object;ILjava/lang/Object;)Ljava/lang/Object;> (0x00000000c49e50b0) thrown at [./open/s
Event: 11.987 Thread 0x000001c0793e8000 Exception <a 'java/lang/NoSuchMethodError'{0x00000000c49f0068}: java.lang.invoke.DirectMethodHandle$Holder.invokeStatic(Ljava/lang/Object;Ljava/lang/Object;Ljava/lang/Object;ILjava/lang/Object;)Ljava/lang/Object;> (0x00000000c49f0068) thrown at [./open/sr
Event: 11.989 Thread 0x000001c0793e8000 Exception <a 'java/lang/NoSuchMethodError'{0x00000000c49f6cc0}: java.lang.invoke.Invokers$Holder.linkToTargetMethod(Ljava/lang/Object;Ljava/lang/Object;ILjava/lang/Object;Ljava/lang/Object;)Ljava/lang/Object;> (0x00000000c49f6cc0) thrown at [./open/src/ho
Event: 11.990 Thread 0x000001c0793e8000 Exception <a 'java/lang/NoSuchMethodError'{0x00000000c4806240}: java.lang.invoke.DirectMethodHandle$Holder.invokeStatic(Ljava/lang/Object;ILjava/lang/Object;Ljava/lang/Object;)I> (0x00000000c4806240) thrown at [./open/src/hotspot/share/interpreter/linkRes
Event: 11.991 Thread 0x000001c0793e8000 Exception <a 'java/lang/NoSuchMethodError'{0x00000000c480d348}: java.lang.invoke.DirectMethodHandle$Holder.invokeStatic(Ljava/lang/Object;ILjava/lang/Object;)Ljava/lang/Object;> (0x00000000c480d348) thrown at [./open/src/hotspot/share/interpreter/linkReso
Event: 11.994 Thread 0x000001c0793e8000 Exception <a 'java/lang/NoSuchMethodError'{0x00000000c48116f0}: java.lang.invoke.DirectMethodHandle$Holder.invokeSpecialIFC(Ljava/lang/Object;Ljava/lang/Object;Ljava/lang/Object;Ljava/lang/Object;)I> (0x00000000c48116f0) thrown at [./open/src/hotspot/shar

Events (10 events):
Event: 12.144 loading class org/springframework/core/env/Environment
Event: 12.144 loading class org/springframework/core/env/Environment done
Event: 12.272 loading class org/springframework/boot/context/config/ConfigDataLocationResolver
Event: 12.274 loading class org/springframework/boot/context/config/ConfigDataLocationResolver done
Event: 12.275 loading class org/springframework/boot/context/config/ConfigDataLocationResolver
Event: 12.275 loading class org/springframework/boot/context/config/ConfigDataLocationResolver done
Event: 12.321 loading class org/springframework/boot/context/config/ConfigDataEnvironmentContributor
Event: 12.321 loading class org/springframework/boot/context/config/ConfigDataEnvironmentContributor done
Event: 12.322 loading class org/springframework/boot/context/config/ConfigDataEnvironmentContributor
Event: 12.322 loading class org/springframework/boot/context/config/ConfigDataEnvironmentContributor done


Dynamic libraries:
0x00007ff688b90000 - 0x00007ff688b9f000 	C:\Program Files\Java\jdk-11.0.12\bin\java.exe
0x00007ff99d5b0000 - 0x00007ff99d7a5000 	C:\Windows\SYSTEM32\ntdll.dll
0x00007ff99c490000 - 0x00007ff99c54e000 	C:\Windows\System32\KERNEL32.DLL
0x00007ff99acd0000 - 0x00007ff99af98000 	C:\Windows\System32\KERNELBASE.dll
0x00007ff99b0c0000 - 0x00007ff99b1c0000 	C:\Program Files\Java\jdk-11.0.12\bin\java.exe
0x00007ff9965c0000 - 0x00007ff9965d8000 	C:\Program Files\Java\jdk-11.0.12\bin\jli.dll
0x00007ff99c3e0000 - 0x00007ff99c48e000 	C:\Windows\System32\ADVAPI32.dll
0x00007ff99b610000 - 0x00007ff99b6ae000 	C:\Windows\System32\msvcrt.dll
0x00007ff99d4d0000 - 0x00007ff99d56c000 	C:\Windows\System32\msvcrt.dll
0x00007ff99bb20000 - 0x00007ff99bc45000 	C:\Windows\System32\RPCRT4.dll
0x00007ff99cd80000 - 0x00007ff99cf20000 	C:\Windows\System32\USER32.dll
0x00007ff99b540000 - 0x00007ff99b562000 	C:\Windows\System32\win32u.dll
0x00007ff99cfb0000 - 0x00007ff99cfdb000 	C:\Windows\System32\GDI32.dll
0x00007ff99b400000 - 0x00007ff99b50b000 	C:\Windows\System32\gdi32full.dll
0x00007ff99b570000 - 0x00007ff99b60d000 	C:\Windows\System32\gdi32full.dll
0x00007ff995270000 - 0x00007ff995285000 	C:\Windows\System32\msvcp_win.dll
0x00007ff9888a0000 - 0x00007ff988b3a000 	C:\Windows\WinSxS\amd64_microsoft.windows.common-controls_6595b64144ccf1df_6.0.19041.1110_none_60b5254171f9507e\COMCTL32.dll
0x00007ff991f70000 - 0x00007ff991f7a000 	C:\Windows\SYSTEM32\VERSION.dll
0x00007ff99c3a0000 - 0x00007ff99c3d0000 	C:\Windows\System32\IMM32.DLL
0x00007ff97cbe0000 - 0x00007ff97cc7b000 	C:\Windows\SYSTEM32\VERSION.dll
0x00007ff9631d0000 - 0x00007ff963ccf000 	C:\Program Files\Java\jdk-11.0.12\bin\server\jvm.dll
0x00007ff99b940000 - 0x00007ff99b948000 	C:\Windows\System32\PSAPI.DLL
0x00007ff9879a0000 - 0x00007ff9879a9000 	C:\Windows\SYSTEM32\WSOCK32.dll
0x00007ff99cc20000 - 0x00007ff99cc8b000 	C:\Program Files\Java\jdk-11.0.12\bin\server\jvm.dll
0x00007ff986160000 - 0x00007ff986187000 	C:\Windows\SYSTEM32\WINMM.dll
0x00007ff999530000 - 0x00007ff999542000 	C:\Windows\System32\PSAPI.DLL
0x00007ff996390000 - 0x00007ff9963a0000 	C:\Windows\SYSTEM32\WSOCK32.dll
0x00007ff998a90000 - 0x00007ff998c74000 	C:\Windows\SYSTEM32\DBGHELP.DLL
0x00007ff986ab0000 - 0x00007ff986adc000 	C:\Windows\SYSTEM32\dbgcore.DLL
0x00007ff99b1c0000 - 0x00007ff99b242000 	C:\Windows\SYSTEM32\kernel.appcore.dll
0x00007ff992390000 - 0x00007ff9923b8000 	C:\Program Files\Java\jdk-11.0.12\bin\verify.dll
0x00007ff996320000 - 0x00007ff99632a000 	C:\Program Files\Java\jdk-11.0.12\bin\jimage.dll
0x00007ff9944f0000 - 0x00007ff9944fe000 	C:\Program Files\Java\jdk-11.0.12\bin\instrument.dll
0x00007ff994010000 - 0x00007ff994026000 	C:\Windows\SYSTEM32\dbgcore.DLL
0x00007ff99bc50000 - 0x00007ff99c394000 	C:\Windows\System32\bcryptPrimitives.dll
0x00007ff998d80000 - 0x00007ff999514000 	C:\Program Files\Java\jdk-11.0.12\bin\java.dll
0x00007ff99d090000 - 0x00007ff99d3e4000 	C:\Windows\System32\combase.dll
0x00007ff99a6c0000 - 0x00007ff99a6ec000 	C:\Windows\SYSTEM32\Wldp.dll
0x00007ff99cfe0000 - 0x00007ff99d08d000 	C:\Windows\System32\SHCORE.dll
0x00007ff99cc90000 - 0x00007ff99cce5000 	C:\Windows\System32\shlwapi.dll
0x00007ff99ac10000 - 0x00007ff99ac2f000 	C:\Windows\SYSTEM32\profapi.dll
0x00007ff993a30000 - 0x00007ff993a49000 	C:\Program Files\Java\jdk-11.0.12\bin\net.dll
0x00007ff989e50000 - 0x00007ff989f59000 	C:\Windows\SYSTEM32\WINHTTP.dll
0x00007ff99a3c0000 - 0x00007ff99a42a000 	C:\Windows\system32\mswsock.dll
0x00007ff992370000 - 0x00007ff992382000 	C:\Program Files\Java\jdk-11.0.12\bin\nio.dll
0x00007ff992300000 - 0x00007ff99231a000 	C:\Program Files\JetBrains\IntelliJ IDEA Community Edition 2021.3.2\bin\breakgen64.dll
0x00007ff99a0b0000 - 0x00007ff99a0eb000 	C:\Windows\SYSTEM32\IPHLPAPI.DLL
0x00007ff99cfa0000 - 0x00007ff99cfa8000 	C:\Windows\System32\NSI.dll
0x00007ff991f80000 - 0x00007ff991f97000 	C:\Windows\SYSTEM32\dhcpcsvc6.DLL
0x00007ff991ce0000 - 0x00007ff991cfd000 	C:\Windows\SYSTEM32\dhcpcsvc.DLL
0x00007ff99a0f0000 - 0x00007ff99a1ba000 	C:\Windows\SYSTEM32\DNSAPI.dll
0x00007ff988c60000 - 0x00007ff988c6a000 	C:\Windows\System32\rasadhlp.dll
0x00007ff989a20000 - 0x00007ff989a9f000 	C:\Windows\System32\fwpuclnt.dll
0x00007ff99b510000 - 0x00007ff99b537000 	C:\Windows\System32\bcrypt.dll

dbghelp: loaded successfully - version: 4.0.5 - missing functions: none
symbol engine: initialized successfully - sym options: 0x614 - pdb path: .;C:\Program Files\Java\jdk-11.0.12\bin;C:\Windows\SYSTEM32;C:\Windows\WinSxS\amd64_microsoft.windows.common-controls_6595b64144ccf1df_6.0.19041.1110_none_60b5254171f9507e;C:\Program Files\Java\jdk-11.0.12\bin\server;C:\Program Files\JetBrains\IntelliJ IDEA Community Edition 2021.3.2\bin

VM Arguments:
jvm_args: -javaagent:C:\Program Files\JetBrains\IntelliJ IDEA Community Edition 2021.3.2\lib\idea_rt.jar=64336:C:\Program Files\JetBrains\IntelliJ IDEA Community Edition 2021.3.2\bin -Dfile.encoding=UTF-8 
java_command: com.example.UserAuthenticationService.UserAuthenticationServiceApplication
java_class_path (initial): C:\Users\DELL\wave16git\FinalProject\foodieapplication_project\FoodieApplication\UserAuthenticationService\target\classes;C:\Users\DELL\.m2\repository\org\springframework\boot\spring-boot-starter-data-jpa\2.6.4\spring-boot-starter-data-jpa-2.6.4.jar;C:\Users\DELL\.m2\repository\org\springframework\boot\spring-boot-starter-jdbc\2.6.4\spring-boot-starter-jdbc-2.6.4.jar;C:\Users\DELL\.m2\repository\com\zaxxer\HikariCP\4.0.3\HikariCP-4.0.3.jar;C:\Users\DELL\.m2\repository\org\springframework\spring-jdbc\5.3.16\spring-jdbc-5.3.16.jar;C:\Users\DELL\.m2\repository\jakarta\transaction\jakarta.transaction-api\1.3.3\jakarta.transaction-api-1.3.3.jar;C:\Users\DELL\.m2\repository\jakarta\persistence\jakarta.persistence-api\2.2.3\jakarta.persistence-api-2.2.3.jar;C:\Users\DELL\.m2\repository\org\hibernate\hibernate-core\5.6.5.Final\hibernate-core-5.6.5.Final.jar;C:\Users\DELL\.m2\repository\org\jboss\logging\jboss-logging\3.4.3.Final\jboss-logging-3.4.3.Final.jar;C:\Users\DELL\.m2\repository\net\bytebuddy\byte-buddy\1.11.22\byte-buddy-1.11.22.jar;C:\Users\DELL\.m2\repository\antlr\antlr\2.7.7\antlr-2.7.7.jar;C:\Users\DELL\.m2\repository\org\jboss\jandex\2.4.2.Final\jandex-2.4.2.Final.jar;C:\Users\DELL\.m2\repository\com\fasterxml\classmate\1.5.1\classmate-1.5.1.jar;C:\Users\DELL\.m2\repository\org\hibernate\common\hibernate-commons-annotations\5.1.2.Final\hibernate-commons-annotations-5.1.2.Final.jar;C:\Users\DELL\.m2\repository\org\glassfish\jaxb\jaxb-runtime\2.3.6\jaxb-runtime-2.3.6.jar;C:\Users\DELL\.m2\repository\org\glassfish\jaxb\txw2\2.3.6\txw2-2.3.6.jar;C:\Users\DELL\.m2\repository\com\sun\istack\istack-commons-runtime\3.0.12\istack-commons-runtime-3.0.12.jar;C:\Users\DELL\.m2\repository\com\sun\activation\jakarta.activation\1.2.2\jakarta.activation-1.2.2.jar;C:\Users\DELL\.m2\repository\org\springframework\data\spring-data-jpa\2.6.2\spring-data-jpa-2.6.2.jar;C:\Users\DELL\.m2\repository\org\springframework\data\spring-data-commons\2.6.2\spri
Launcher Type: SUN_STANDARD

[Global flags]
     intx CICompilerCount                          = 3                                         {product} {ergonomic}
     uint ConcGCThreads                            = 1                                         {product} {ergonomic}
     uint G1ConcRefinementThreads                  = 4                                         {product} {ergonomic}
   size_t G1HeapRegionSize                         = 1048576                                   {product} {ergonomic}
    uintx GCDrainStackTargetSize                   = 64                                        {product} {ergonomic}
   size_t InitialHeapSize                          = 67108864                                  {product} {ergonomic}
   size_t MarkStackSize                            = 4194304                                   {product} {ergonomic}
   size_t MaxHeapSize                              = 1048576000                                {product} {ergonomic}
   size_t MaxNewSize                               = 629145600                                 {product} {ergonomic}
   size_t MinHeapDeltaBytes                        = 1048576                                   {product} {ergonomic}
    uintx NonNMethodCodeHeapSize                   = 5830732                                {pd product} {ergonomic}
    uintx NonProfiledCodeHeapSize                  = 122913754                              {pd product} {ergonomic}
    uintx ProfiledCodeHeapSize                     = 122913754                              {pd product} {ergonomic}
    uintx ReservedCodeCacheSize                    = 251658240                              {pd product} {ergonomic}
     bool SegmentedCodeCache                       = true                                      {product} {ergonomic}
     bool UseCompressedClassPointers               = true                                 {lp64_product} {ergonomic}
     bool UseCompressedOops                        = true                                 {lp64_product} {ergonomic}
     bool UseG1GC                                  = true                                      {product} {ergonomic}
     bool UseLargePagesIndividualAllocation        = false                                  {pd product} {ergonomic}

Logging:
Log output configuration:
 #0: stdout all=warning uptime,level,tags
 #1: stderr all=off uptime,level,tags

Environment Variables:
PATH=C:\Program Files\Common Files\Oracle\Java\javapath;C:\Windows\system32;C:\Windows;C:\Windows\System32\Wbem;C:\Windows\System32\WindowsPowerShell\v1.0\;C:\Windows\System32\OpenSSH\;C:\Program Files\Git\cmd;C:\Program Files\nodejs\;C:\Program Files\MongoDB\Server\5.0\bin;%AppData%\npm;C:\Users\DELL\Documents\apache-maven-3.8.4-bin\apache-maven-3.8.4\bin;;C:\Program Files\Docker\Docker\resources\bin;C:\ProgramData\DockerDesktop\version-bin;C:\Users\DELL\AppData\Local\Programs\Microsoft VS Code\bin;C:\Users\DELL\Documents\apache-maven-3.8.4-bin\apache-maven-3.8.4\bin;
USERNAME=DELL
OS=Windows_NT
PROCESSOR_IDENTIFIER=Intel64 Family 6 Model 142 Stepping 9, GenuineIntel



---------------  S Y S T E M  ---------------

OS: Windows 10 , 64 bit Build 19041 (10.0.19041.1566)
Hyper-V role detected

CPU:total 4 (initial active 4) (2 cores per cpu, 2 threads per core) family 6 model 142 stepping 9 microcode 0xea, cmov, cx8, fxsr, mmx, sse, sse2, sse3, ssse3, sse4.1, sse4.2, popcnt, avx, avx2, aes, clmul, erms, 3dnowpref, lzcnt, ht, tsc, tscinvbit, bmi1, bmi2, adx, fma

Memory: 4k page, system-wide physical 3993M (189M free)
TotalPageFile size 16281M (AvailPageFile size 0M)
current process WorkingSet (physical memory assigned to process): 83M, peak: 90M
current process commit charge ("private bytes"): 160M, peak: 162M

vm_info: Java HotSpot(TM) 64-Bit Server VM (11.0.12+8-LTS-237) for windows-amd64 JRE (11.0.12+8-LTS-237), built on Jun  8 2021 11:25:59 by "mach5one" with MS VC++ 15.9 (VS2017)

END.
