#
# There is insufficient memory for the Java Runtime Environment to continue.
# Native memory allocation (malloc) failed to allocate 368656 bytes for Chunk::new
# Possible reasons:
#   The system is out of physical RAM or swap space
#   The process is running with CompressedOops enabled, and the Java Heap may be blocking the growth of the native heap
# Possible solutions:
#   Reduce memory load on the system
#   Increase physical memory or swap space
#   Check if swap backing store is full
#   Decrease Java heap size (-Xmx/-Xms)
#   Decrease number of Java threads
#   Decrease Java thread stack sizes (-Xss)
#   Set larger code cache with -XX:ReservedCodeCacheSize=
#   JVM is running with Unscaled Compressed Oops mode in which the Java heap is
#     placed in the first 4GB address space. The Java Heap base address is the
#     maximum limit for the native heap growth. Please use -XX:HeapBaseMinAddress
#     to set the Java Heap base and to place the Java Heap above 4GB virtual address.
# This output file may be truncated or incomplete.
#
#  Out of Memory Error (./open/src/hotspot/share/memory/arena.cpp:197), pid=6016, tid=7684
#
# JRE version:  (11.0.12+8) (build )
# Java VM: Java HotSpot(TM) 64-Bit Server VM (11.0.12+8-LTS-237, mixed mode, tiered, compressed oops, g1 gc, windows-amd64)
# No core dump will be written. Minidumps are not enabled by default on client versions of Windows
#

---------------  S U M M A R Y ------------

Command Line: -javaagent:C:\Program Files\JetBrains\IntelliJ IDEA Community Edition 2021.3.2\lib\idea_rt.jar=63485:C:\Program Files\JetBrains\IntelliJ IDEA Community Edition 2021.3.2\bin -Dfile.encoding=UTF-8 com.example.EurekaService.EurekaServiceApplication

Host: Intel(R) Core(TM) i7-7500U CPU @ 2.70GHz, 4 cores, 3G,  Windows 10 , 64 bit Build 19041 (10.0.19041.1566)
Time: Wed Mar 23 11:01:57 2022 India Standard Time elapsed time: 0.051568 seconds (0d 0h 0m 0s)

---------------  T H R E A D  ---------------

Current thread (0x00000293566c4000):  JavaThread "Unknown thread" [_thread_in_vm, id=7684, stack(0x000000e58b400000,0x000000e58b500000)]

Stack: [0x000000e58b400000,0x000000e58b500000]
Native frames: (J=compiled Java code, j=interpreted, Vv=VM code, C=native code)
V  [jvm.dll+0x617d9a]
V  [jvm.dll+0x74eeef]
V  [jvm.dll+0x750599]
V  [jvm.dll+0x750c23]
V  [jvm.dll+0x2438d8]
V  [jvm.dll+0xba6dc]
V  [jvm.dll+0xba3f3]
V  [jvm.dll+0x6e22ec]
V  [jvm.dll+0x72c479]
V  [jvm.dll+0x34c469]
V  [jvm.dll+0x710400]
V  [jvm.dll+0x3b5baf]
V  [jvm.dll+0x3b7cb1]
C  [jli.dll+0x520b]
C  [ucrtbase.dll+0x21bb2]
C  [KERNEL32.DLL+0x17034]
C  [ntdll.dll+0x52651]


---------------  P R O C E S S  ---------------

Threads class SMR info:
_java_thread_list=0x00000293544ebc80, length=0, elements={
}

Java Threads: ( => current thread )

Other Threads:
  0x00000293566db000 GCTaskThread "GC Thread#0" [stack: 0x000000e58b500000,0x000000e58b600000] [id=10920]
  0x00000293566f5800 ConcurrentGCThread "G1 Main Marker" [stack: 0x000000e58b600000,0x000000e58b700000] [id=17068]
  0x00000293566f8000 ConcurrentGCThread "G1 Conc#0" [stack: 0x000000e58b700000,0x000000e58b800000] [id=9264]
  0x000002935674e000 ConcurrentGCThread "G1 Refine#0" [stack: 0x0000000000000000,0x0000000000000000]
  0x0000029356750000 ConcurrentGCThread "G1 Young RemSet Sampling" [stack: 0x000000e58b800000,0x000000e58b900000] [id=1276]

=>0x00000293566c4000 (exited) JavaThread "Unknown thread" [_thread_in_vm, id=7684, stack(0x000000e58b400000,0x000000e58b500000)]

Threads with active compile tasks:

VM state:not at safepoint (not fully initialized)

VM Mutex/Monitor currently owned by a thread: None

Heap address: 0x00000000c1800000, size: 1000 MB, Compressed Oops mode: 32-bit
Narrow klass base: 0x0000000000000000, Narrow klass shift: 3
Compressed class space size: 1073741824 Address: 0x0000000100000000

GC Heap History (0 events):
No events

Deoptimization events (0 events):
No events

Classes redefined (0 events):
No events

Internal exceptions (0 events):
No events

Events (0 events):
No events


Dynamic libraries:
0x00007ff61b6e0000 - 0x00007ff61b6ef000 	C:\Program Files\Java\jdk-11.0.12\bin\java.exe
0x00007ff9310b0000 - 0x00007ff9312a5000 	C:\Windows\SYSTEM32\ntdll.dll
0x00007ff92fcc0000 - 0x00007ff92fd7e000 	C:\Windows\System32\KERNEL32.DLL
0x00007ff92ea30000 - 0x00007ff92ecf8000 	C:\Windows\System32\KERNELBASE.dll
0x00007ff92e7d0000 - 0x00007ff92e8d0000 	C:\Windows\System32\ucrtbase.dll
0x00007ff91f580000 - 0x00007ff91f598000 	C:\Program Files\Java\jdk-11.0.12\bin\jli.dll
0x00007ff92fff0000 - 0x00007ff93009e000 	C:\Windows\System32\ADVAPI32.dll
0x00007ff92f260000 - 0x00007ff92f2fe000 	C:\Windows\System32\msvcrt.dll
0x00007ff92fe30000 - 0x00007ff92fecc000 	C:\Windows\System32\sechost.dll
0x00007ff930860000 - 0x00007ff930985000 	C:\Windows\System32\RPCRT4.dll
0x00007ff930990000 - 0x00007ff930b30000 	C:\Windows\System32\USER32.dll
0x00007ff92f030000 - 0x00007ff92f052000 	C:\Windows\System32\win32u.dll
0x00007ff92fd80000 - 0x00007ff92fdab000 	C:\Windows\System32\GDI32.dll
0x00007ff92ef20000 - 0x00007ff92f02b000 	C:\Windows\System32\gdi32full.dll
0x00007ff92e920000 - 0x00007ff92e9bd000 	C:\Windows\System32\msvcp_win.dll
0x00007ff91f2d0000 - 0x00007ff91f2e5000 	C:\Program Files\Java\jdk-11.0.12\bin\VCRUNTIME140.dll
0x00007ff91c100000 - 0x00007ff91c39a000 	C:\Windows\WinSxS\amd64_microsoft.windows.common-controls_6595b64144ccf1df_6.0.19041.1110_none_60b5254171f9507e\COMCTL32.dll
0x00007ff9203e0000 - 0x00007ff9203ea000 	C:\Windows\SYSTEM32\VERSION.dll
0x00007ff92f230000 - 0x00007ff92f260000 	C:\Windows\System32\IMM32.DLL
0x00007ff91f230000 - 0x00007ff91f2cb000 	C:\Program Files\Java\jdk-11.0.12\bin\msvcp140.dll
0x00007ff8e28f0000 - 0x00007ff8e33ef000 	C:\Program Files\Java\jdk-11.0.12\bin\server\jvm.dll
0x00007ff92fed0000 - 0x00007ff92fed8000 	C:\Windows\System32\PSAPI.DLL
0x00007ff91a780000 - 0x00007ff91a789000 	C:\Windows\SYSTEM32\WSOCK32.dll
0x00007ff930b30000 - 0x00007ff930b9b000 	C:\Windows\System32\WS2_32.dll
0x00007ff91a8d0000 - 0x00007ff91a8f7000 	C:\Windows\SYSTEM32\WINMM.dll
0x00007ff92d030000 - 0x00007ff92d042000 	C:\Windows\SYSTEM32\kernel.appcore.dll
0x00007ff926af0000 - 0x00007ff926b00000 	C:\Program Files\Java\jdk-11.0.12\bin\verify.dll
0x00007ff92cd40000 - 0x00007ff92cf24000 	C:\Windows\SYSTEM32\DBGHELP.DLL
0x00007ff918c60000 - 0x00007ff918c8c000 	C:\Windows\SYSTEM32\dbgcore.DLL
0x00007ff92ed30000 - 0x00007ff92edb2000 	C:\Windows\System32\bcryptPrimitives.dll
0x00007ff91f200000 - 0x00007ff91f228000 	C:\Program Files\Java\jdk-11.0.12\bin\java.dll
0x00007ff926a00000 - 0x00007ff926a0a000 	C:\Program Files\Java\jdk-11.0.12\bin\jimage.dll
0x00007ff924b70000 - 0x00007ff924b7e000 	C:\Program Files\Java\jdk-11.0.12\bin\instrument.dll
0x00007ff91f0d0000 - 0x00007ff91f0e6000 	C:\Program Files\Java\jdk-11.0.12\bin\zip.dll

dbghelp: loaded successfully - version: 4.0.5 - missing functions: none
symbol engine: initialized successfully - sym options: 0x614 - pdb path: .;C:\Program Files\Java\jdk-11.0.12\bin;C:\Windows\SYSTEM32;C:\Windows\WinSxS\amd64_microsoft.windows.common-controls_6595b64144ccf1df_6.0.19041.1110_none_60b5254171f9507e;C:\Program Files\Java\jdk-11.0.12\bin\server

VM Arguments:
jvm_args: -javaagent:C:\Program Files\JetBrains\IntelliJ IDEA Community Edition 2021.3.2\lib\idea_rt.jar=63485:C:\Program Files\JetBrains\IntelliJ IDEA Community Edition 2021.3.2\bin -Dfile.encoding=UTF-8 
java_command: com.example.EurekaService.EurekaServiceApplication
java_class_path (initial): C:\Users\DELL\wave16git\FinalProject\foodieapplication_project\FoodieApplication\EurekaService\target\classes;C:\Users\DELL\.m2\repository\org\springframework\cloud\spring-cloud-starter-netflix-eureka-server\3.1.1\spring-cloud-starter-netflix-eureka-server-3.1.1.jar;C:\Users\DELL\.m2\repository\org\springframework\cloud\spring-cloud-starter\3.1.1\spring-cloud-starter-3.1.1.jar;C:\Users\DELL\.m2\repository\org\springframework\cloud\spring-cloud-context\3.1.1\spring-cloud-context-3.1.1.jar;C:\Users\DELL\.m2\repository\org\springframework\security\spring-security-crypto\5.6.2\spring-security-crypto-5.6.2.jar;C:\Users\DELL\.m2\repository\org\springframework\cloud\spring-cloud-commons\3.1.1\spring-cloud-commons-3.1.1.jar;C:\Users\DELL\.m2\repository\org\springframework\security\spring-security-rsa\1.0.10.RELEASE\spring-security-rsa-1.0.10.RELEASE.jar;C:\Users\DELL\.m2\repository\org\bouncycastle\bcpkix-jdk15on\1.68\bcpkix-jdk15on-1.68.jar;C:\Users\DELL\.m2\repository\org\bouncycastle\bcprov-jdk15on\1.68\bcprov-jdk15on-1.68.jar;C:\Users\DELL\.m2\repository\org\springframework\cloud\spring-cloud-netflix-eureka-server\3.1.1\spring-cloud-netflix-eureka-server-3.1.1.jar;C:\Users\DELL\.m2\repository\org\springframework\boot\spring-boot-starter-actuator\2.6.4\spring-boot-starter-actuator-2.6.4.jar;C:\Users\DELL\.m2\repository\org\springframework\boot\spring-boot-actuator-autoconfigure\2.6.4\spring-boot-actuator-autoconfigure-2.6.4.jar;C:\Users\DELL\.m2\repository\org\springframework\boot\spring-boot-actuator\2.6.4\spring-boot-actuator-2.6.4.jar;C:\Users\DELL\.m2\repository\io\micrometer\micrometer-core\1.8.3\micrometer-core-1.8.3.jar;C:\Users\DELL\.m2\repository\org\hdrhistogram\HdrHistogram\2.1.12\HdrHistogram-2.1.12.jar;C:\Users\DELL\.m2\repository\org\latencyutils\LatencyUtils\2.0.3\LatencyUtils-2.0.3.jar;C:\Users\DELL\.m2\repository\org\springframework\boot\spring-boot-starter-freemarker\2.6.4\spring-boot-starter-freemarker-2.6.4.jar;C:\Users\DE
Launcher Type: SUN_STANDARD

[Global flags]
     intx CICompilerCount                          = 3                                         {product} {ergonomic}
     uint ConcGCThreads                            = 1                                         {product} {ergonomic}
     uint G1ConcRefinementThreads                  = 4                                         {product} {ergonomic}
   size_t G1HeapRegionSize                         = 1048576                                   {product} {ergonomic}
    uintx GCDrainStackTargetSize                   = 64                                        {product} {ergonomic}
   size_t InitialHeapSize                          = 67108864                                  {product} {ergonomic}
   size_t MarkStackSize                            = 4194304                                   {product} {ergonomic}
   size_t MaxHeapSize                              = 1048576000                                {product} {ergonomic}
   size_t MaxNewSize                               = 629145600                                 {product} {ergonomic}
   size_t MinHeapDeltaBytes                        = 1048576                                   {product} {ergonomic}
    uintx NonNMethodCodeHeapSize                   = 5830732                                {pd product} {ergonomic}
    uintx NonProfiledCodeHeapSize                  = 122913754                              {pd product} {ergonomic}
    uintx ProfiledCodeHeapSize                     = 122913754                              {pd product} {ergonomic}
    uintx ReservedCodeCacheSize                    = 251658240                              {pd product} {ergonomic}
     bool SegmentedCodeCache                       = true                                      {product} {ergonomic}
     bool UseCompressedClassPointers               = true                                 {lp64_product} {ergonomic}
     bool UseCompressedOops                        = true                                 {lp64_product} {ergonomic}
     bool UseG1GC                                  = true                                      {product} {ergonomic}
     bool UseLargePagesIndividualAllocation        = false                                  {pd product} {ergonomic}

Logging:
Log output configuration:
 #0: stdout all=warning uptime,level,tags
 #1: stderr all=off uptime,level,tags

Environment Variables:
PATH=C:\Program Files\Common Files\Oracle\Java\javapath;C:\Windows\system32;C:\Windows;C:\Windows\System32\Wbem;C:\Windows\System32\WindowsPowerShell\v1.0\;C:\Windows\System32\OpenSSH\;C:\Program Files\Git\cmd;C:\Program Files\nodejs\;C:\Program Files\MongoDB\Server\5.0\bin;C:\Users\DELL\AppData\Roaming\npm;C:\Users\DELL\Documents\apache-maven-3.8.4-bin\apache-maven-3.8.4\bin;;C:\Program Files\Docker\Docker\resources\bin;C:\ProgramData\DockerDesktop\version-bin;C:\Users\DELL\AppData\Local\Programs\Microsoft VS Code\bin;C:\Users\DELL\Documents\apache-maven-3.8.4-bin\apache-maven-3.8.4\bin;
USERNAME=DELL
OS=Windows_NT
PROCESSOR_IDENTIFIER=Intel64 Family 6 Model 142 Stepping 9, GenuineIntel



---------------  S Y S T E M  ---------------

OS: Windows 10 , 64 bit Build 19041 (10.0.19041.1566)
Hyper-V role detected

CPU:total 4 (initial active 4) (2 cores per cpu, 2 threads per core) family 6 model 142 stepping 9 microcode 0xea, cmov, cx8, fxsr, mmx, sse, sse2, sse3, ssse3, sse4.1, sse4.2, popcnt, avx, avx2, aes, clmul, erms, 3dnowpref, lzcnt, ht, tsc, tscinvbit, bmi1, bmi2, adx, fma

Memory: 4k page, system-wide physical 3993M (236M free)
TotalPageFile size 16281M (AvailPageFile size 3M)
current process WorkingSet (physical memory assigned to process): 12M, peak: 13M
current process commit charge ("private bytes"): 118M, peak: 119M

vm_info: Java HotSpot(TM) 64-Bit Server VM (11.0.12+8-LTS-237) for windows-amd64 JRE (11.0.12+8-LTS-237), built on Jun  8 2021 11:25:59 by "mach5one" with MS VC++ 15.9 (VS2017)

END.
