#
# There is insufficient memory for the Java Runtime Environment to continue.
# Native memory allocation (malloc) failed to allocate 67216 bytes for Chunk::new
# Possible reasons:
#   The system is out of physical RAM or swap space
#   The process is running with CompressedOops enabled, and the Java Heap may be blocking the growth of the native heap
# Possible solutions:
#   Reduce memory load on the system
#   Increase physical memory or swap space
#   Check if swap backing store is full
#   Decrease Java heap size (-Xmx/-Xms)
#   Decrease number of Java threads
#   Decrease Java thread stack sizes (-Xss)
#   Set larger code cache with -XX:ReservedCodeCacheSize=
#   JVM is running with Unscaled Compressed Oops mode in which the Java heap is
#     placed in the first 4GB address space. The Java Heap base address is the
#     maximum limit for the native heap growth. Please use -XX:HeapBaseMinAddress
#     to set the Java Heap base and to place the Java Heap above 4GB virtual address.
# This output file may be truncated or incomplete.
#
#  Out of Memory Error (./open/src/hotspot/share/memory/arena.cpp:197), pid=8576, tid=7624
#
# JRE version: Java(TM) SE Runtime Environment 18.9 (11.0.12+8) (build 11.0.12+8-LTS-237)
# Java VM: Java HotSpot(TM) 64-Bit Server VM 18.9 (11.0.12+8-LTS-237, mixed mode, tiered, compressed oops, g1 gc, windows-amd64)
# No core dump will be written. Minidumps are not enabled by default on client versions of Windows
#

---------------  S U M M A R Y ------------

Command Line: -javaagent:C:\Program Files\JetBrains\IntelliJ IDEA Community Edition 2021.3.2\lib\idea_rt.jar=64320:C:\Program Files\JetBrains\IntelliJ IDEA Community Edition 2021.3.2\bin -Dfile.encoding=UTF-8 com.example.addRestuarantService.AddRestuarantServiceApplication

Host: Intel(R) Core(TM) i7-7500U CPU @ 2.70GHz, 4 cores, 3G,  Windows 10 , 64 bit Build 19041 (10.0.19041.1566)
Time: Wed Apr  6 19:02:58 2022 India Standard Time elapsed time: 48.758971 seconds (0d 0h 0m 48s)

---------------  T H R E A D  ---------------

Current thread (0x000001ccafb35000):  JavaThread "C2 CompilerThread0" daemon [_thread_in_native, id=7624, stack(0x00000079ebf00000,0x00000079ec000000)]


Current CompileTask:
C2:  48759 4824       4       org.springframework.boot.context.properties.source.ConfigurationPropertyName::elementsOf (147 bytes)

Stack: [0x00000079ebf00000,0x00000079ec000000]
Native frames: (J=compiled Java code, j=interpreted, Vv=VM code, C=native code)
V  [jvm.dll+0x617d9a]
V  [jvm.dll+0x74eeef]
V  [jvm.dll+0x750599]
V  [jvm.dll+0x750c23]
V  [jvm.dll+0x2438d8]
V  [jvm.dll+0xba6dc]
V  [jvm.dll+0xbac9c]
V  [jvm.dll+0x346972]
V  [jvm.dll+0x193b1e]
V  [jvm.dll+0x1fd212]
V  [jvm.dll+0x1fc2ed]
V  [jvm.dll+0x17f18c]
V  [jvm.dll+0x20b87c]
V  [jvm.dll+0x20997b]
V  [jvm.dll+0x716359]
V  [jvm.dll+0x70f064]
V  [jvm.dll+0x616f66]
C  [ucrtbase.dll+0x21bb2]
C  [KERNEL32.DLL+0x17034]
C  [ntdll.dll+0x52651]


---------------  P R O C E S S  ---------------

Threads class SMR info:
_java_thread_list=0x000001ccb06ca680, length=18, elements={
0x000001cc93436800, 0x000001ccafadb800, 0x000001ccafaca800, 0x000001ccafb26800,
0x000001ccafb29800, 0x000001ccafb2b800, 0x000001ccafb35000, 0x000001ccafb37000,
0x000001ccafb38800, 0x000001ccafda9000, 0x000001ccb03d1800, 0x000001ccb3022800,
0x000001ccb0c3c000, 0x000001ccb069d000, 0x000001ccb32a6800, 0x000001ccb32a7000,
0x000001ccb50ff800, 0x000001ccb39ac800
}

Java Threads: ( => current thread )
  0x000001cc93436800 JavaThread "main" [_thread_in_Java, id=14984, stack(0x00000079eb300000,0x00000079eb400000)]
  0x000001ccafadb800 JavaThread "Reference Handler" daemon [_thread_blocked, id=11416, stack(0x00000079eba00000,0x00000079ebb00000)]
  0x000001ccafaca800 JavaThread "Finalizer" daemon [_thread_blocked, id=9780, stack(0x00000079ebb00000,0x00000079ebc00000)]
  0x000001ccafb26800 JavaThread "Signal Dispatcher" daemon [_thread_blocked, id=13564, stack(0x00000079ebc00000,0x00000079ebd00000)]
  0x000001ccafb29800 JavaThread "Attach Listener" daemon [_thread_blocked, id=340, stack(0x00000079ebd00000,0x00000079ebe00000)]
  0x000001ccafb2b800 JavaThread "Service Thread" daemon [_thread_blocked, id=3080, stack(0x00000079ebe00000,0x00000079ebf00000)]
=>0x000001ccafb35000 JavaThread "C2 CompilerThread0" daemon [_thread_in_native, id=7624, stack(0x00000079ebf00000,0x00000079ec000000)]
  0x000001ccafb37000 JavaThread "C1 CompilerThread0" daemon [_thread_blocked, id=18092, stack(0x00000079ec000000,0x00000079ec100000)]
  0x000001ccafb38800 JavaThread "Sweeper thread" daemon [_thread_blocked, id=13972, stack(0x00000079ec100000,0x00000079ec200000)]
  0x000001ccafda9000 JavaThread "Common-Cleaner" daemon [_thread_blocked, id=17268, stack(0x00000079ec200000,0x00000079ec300000)]
  0x000001ccb03d1800 JavaThread "Monitor Ctrl-Break" daemon [_thread_in_native, id=16060, stack(0x00000079ec300000,0x00000079ec400000)]
  0x000001ccb3022800 JavaThread "Catalina-utility-1" [_thread_in_vm, id=392, stack(0x00000079ec600000,0x00000079ec700000)]
  0x000001ccb0c3c000 JavaThread "Catalina-utility-2" [_thread_in_Java, id=6444, stack(0x00000079ec900000,0x00000079eca00000)]
  0x000001ccb069d000 JavaThread "container-0" [_thread_blocked, id=8896, stack(0x00000079eca00000,0x00000079ecb00000)]
  0x000001ccb32a6800 JavaThread "cluster-ClusterId{value='624d96759263444e455af5b9', description='null'}-localhost:27017" daemon [_thread_in_native, id=10496, stack(0x00000079ecb00000,0x00000079ecc00000)]
  0x000001ccb32a7000 JavaThread "cluster-rtt-ClusterId{value='624d96759263444e455af5b9', description='null'}-localhost:27017" daemon [_thread_blocked, id=10124, stack(0x00000079ecc00000,0x00000079ecd00000)]
  0x000001ccb50ff800 JavaThread "MaintenanceTimer-1-thread-1" daemon [_thread_blocked, id=4468, stack(0x00000079ece00000,0x00000079ecf00000)]
  0x000001ccb39ac800 JavaThread "spring.cloud.inetutils" daemon [_thread_blocked, id=17252, stack(0x00000079ed100000,0x00000079ed200000)]

Other Threads:
  0x000001ccafaa8800 VMThread "VM Thread" [stack: 0x00000079eb900000,0x00000079eba00000] [id=17260]
  0x000001ccb01c1000 WatcherThread [stack: 0x00000079ec400000,0x00000079ec500000] [id=7628]
  0x000001cc9344a800 GCTaskThread "GC Thread#0" [stack: 0x00000079eb400000,0x00000079eb500000] [id=17828]
  0x000001ccb0434800 GCTaskThread "GC Thread#1" [stack: 0x00000079ec500000,0x00000079ec600000] [id=17884]
  0x000001ccb108d800 GCTaskThread "GC Thread#2" [stack: 0x00000079ec700000,0x00000079ec800000] [id=12320]
  0x000001ccb108e000 GCTaskThread "GC Thread#3" [stack: 0x00000079ec800000,0x00000079ec900000] [id=1604]
  0x000001cc93465800 ConcurrentGCThread "G1 Main Marker" [stack: 0x00000079eb500000,0x00000079eb600000] [id=4544]
  0x000001cc93467000 ConcurrentGCThread "G1 Conc#0" [stack: 0x00000079eb600000,0x00000079eb700000] [id=1408]
  0x000001cc934be800 ConcurrentGCThread "G1 Refine#0" [stack: 0x00000079eb700000,0x00000079eb800000] [id=6456]
  0x000001cc934bf800 ConcurrentGCThread "G1 Young RemSet Sampling" [stack: 0x00000079eb800000,0x00000079eb900000] [id=14332]

Threads with active compile tasks:
C2 CompilerThread0  48837 4824       4       org.springframework.boot.context.properties.source.ConfigurationPropertyName::elementsOf (147 bytes)

VM state:not at safepoint (normal execution)

VM Mutex/Monitor currently owned by a thread: None

Heap address: 0x00000000c1800000, size: 1000 MB, Compressed Oops mode: 32-bit
Narrow klass base: 0x0000000000000000, Narrow klass shift: 3
Compressed class space size: 1073741824 Address: 0x0000000100000000

Heap:
 garbage-first heap   total 78848K, used 48845K [0x00000000c1800000, 0x0000000100000000)
  region size 1024K, 33 young (33792K), 6 survivors (6144K)
 Metaspace       used 54719K, capacity 56347K, committed 56448K, reserved 1097728K
  class space    used 6840K, capacity 7500K, committed 7552K, reserved 1048576K
Heap Regions: E=young(eden), S=young(survivor), O=old, HS=humongous(starts), HC=humongous(continues), CS=collection set, F=free, A=archive, TAMS=top-at-mark-start (previous, next)
|   0|0x00000000c1800000, 0x00000000c1900000, 0x00000000c1900000|100%| O|  |TAMS 0x00000000c1900000, 0x00000000c1800000| Untracked 
|   1|0x00000000c1900000, 0x00000000c1a00000, 0x00000000c1a00000|100%| O|  |TAMS 0x00000000c1a00000, 0x00000000c1900000| Untracked 
|   2|0x00000000c1a00000, 0x00000000c1b00000, 0x00000000c1b00000|100%| O|  |TAMS 0x00000000c1b00000, 0x00000000c1a00000| Untracked 
|   3|0x00000000c1b00000, 0x00000000c1c00000, 0x00000000c1c00000|100%| O|  |TAMS 0x00000000c1c00000, 0x00000000c1b00000| Untracked 
|   4|0x00000000c1c00000, 0x00000000c1d00000, 0x00000000c1d00000|100%| O|  |TAMS 0x00000000c1d00000, 0x00000000c1c00000| Untracked 
|   5|0x00000000c1d00000, 0x00000000c1e00000, 0x00000000c1e00000|100%| O|  |TAMS 0x00000000c1e00000, 0x00000000c1d00000| Untracked 
|   6|0x00000000c1e00000, 0x00000000c1f00000, 0x00000000c1f00000|100%| O|  |TAMS 0x00000000c1f00000, 0x00000000c1e00000| Untracked 
|   7|0x00000000c1f00000, 0x00000000c2000000, 0x00000000c2000000|100%| O|  |TAMS 0x00000000c2000000, 0x00000000c1f00000| Untracked 
|   8|0x00000000c2000000, 0x00000000c2100000, 0x00000000c2100000|100%| O|  |TAMS 0x00000000c2100000, 0x00000000c2000000| Untracked 
|   9|0x00000000c2100000, 0x00000000c2200000, 0x00000000c2200000|100%| O|  |TAMS 0x00000000c2200000, 0x00000000c2100000| Untracked 
|  10|0x00000000c2200000, 0x00000000c2300000, 0x00000000c2300000|100%| O|  |TAMS 0x00000000c22c6c00, 0x00000000c2200000| Untracked 
|  11|0x00000000c2300000, 0x00000000c2400000, 0x00000000c2400000|100%| O|  |TAMS 0x00000000c2300000, 0x00000000c2300000| Untracked 
|  12|0x00000000c2400000, 0x00000000c24fd000, 0x00000000c2500000| 98%| O|  |TAMS 0x00000000c2400000, 0x00000000c2400000| Untracked 
|  13|0x00000000c2500000, 0x00000000c2500000, 0x00000000c2600000|  0%| F|  |TAMS 0x00000000c2500000, 0x00000000c2500000| Untracked 
|  14|0x00000000c2600000, 0x00000000c2600000, 0x00000000c2700000|  0%| F|  |TAMS 0x00000000c2600000, 0x00000000c2600000| Untracked 
|  15|0x00000000c2700000, 0x00000000c2700000, 0x00000000c2800000|  0%| F|  |TAMS 0x00000000c2700000, 0x00000000c2700000| Untracked 
|  16|0x00000000c2800000, 0x00000000c2900000, 0x00000000c2900000|100%| O|  |TAMS 0x00000000c2800000, 0x00000000c2800000| Untracked 
|  17|0x00000000c2900000, 0x00000000c2a00000, 0x00000000c2a00000|100%| O|  |TAMS 0x00000000c2900000, 0x00000000c2900000| Untracked 
|  18|0x00000000c2a00000, 0x00000000c2b00000, 0x00000000c2b00000|100%| O|  |TAMS 0x00000000c2a00000, 0x00000000c2a00000| Untracked 
|  19|0x00000000c2b00000, 0x00000000c2b00000, 0x00000000c2c00000|  0%| F|  |TAMS 0x00000000c2b00000, 0x00000000c2b00000| Untracked 
|  20|0x00000000c2c00000, 0x00000000c2c00000, 0x00000000c2d00000|  0%| F|  |TAMS 0x00000000c2c00000, 0x00000000c2c00000| Untracked 
|  21|0x00000000c2d00000, 0x00000000c2d00000, 0x00000000c2e00000|  0%| F|  |TAMS 0x00000000c2d00000, 0x00000000c2d00000| Untracked 
|  22|0x00000000c2e00000, 0x00000000c2e00000, 0x00000000c2f00000|  0%| F|  |TAMS 0x00000000c2e00000, 0x00000000c2e00000| Untracked 
|  23|0x00000000c2f00000, 0x00000000c2f00000, 0x00000000c3000000|  0%| F|  |TAMS 0x00000000c2f00000, 0x00000000c2f00000| Untracked 
|  24|0x00000000c3000000, 0x00000000c3000000, 0x00000000c3100000|  0%| F|  |TAMS 0x00000000c3000000, 0x00000000c3000000| Untracked 
|  25|0x00000000c3100000, 0x00000000c3100000, 0x00000000c3200000|  0%| F|  |TAMS 0x00000000c3100000, 0x00000000c3100000| Untracked 
|  26|0x00000000c3200000, 0x00000000c3200000, 0x00000000c3300000|  0%| F|  |TAMS 0x00000000c3200000, 0x00000000c3200000| Untracked 
|  27|0x00000000c3300000, 0x00000000c33b6628, 0x00000000c3400000| 71%| S|CS|TAMS 0x00000000c3300000, 0x00000000c3300000| Complete 
|  28|0x00000000c3400000, 0x00000000c3500000, 0x00000000c3500000|100%| S|CS|TAMS 0x00000000c3400000, 0x00000000c3400000| Complete 
|  29|0x00000000c3500000, 0x00000000c3600000, 0x00000000c3600000|100%| S|CS|TAMS 0x00000000c3500000, 0x00000000c3500000| Complete 
|  30|0x00000000c3600000, 0x00000000c3600000, 0x00000000c3700000|  0%| F|  |TAMS 0x00000000c3600000, 0x00000000c3600000| Untracked 
|  31|0x00000000c3700000, 0x00000000c3700000, 0x00000000c3800000|  0%| F|  |TAMS 0x00000000c3700000, 0x00000000c3700000| Untracked 
|  32|0x00000000c3800000, 0x00000000c3800000, 0x00000000c3900000|  0%| F|  |TAMS 0x00000000c3800000, 0x00000000c3800000| Untracked 
|  33|0x00000000c3900000, 0x00000000c3900000, 0x00000000c3a00000|  0%| F|  |TAMS 0x00000000c3900000, 0x00000000c3900000| Untracked 
|  34|0x00000000c3a00000, 0x00000000c3a00000, 0x00000000c3b00000|  0%| F|  |TAMS 0x00000000c3a00000, 0x00000000c3a00000| Untracked 
|  35|0x00000000c3b00000, 0x00000000c3b00000, 0x00000000c3c00000|  0%| F|  |TAMS 0x00000000c3b00000, 0x00000000c3b00000| Untracked 
|  36|0x00000000c3c00000, 0x00000000c3d00000, 0x00000000c3d00000|100%| S|CS|TAMS 0x00000000c3c00000, 0x00000000c3c00000| Complete 
|  37|0x00000000c3d00000, 0x00000000c3e00000, 0x00000000c3e00000|100%| S|CS|TAMS 0x00000000c3d00000, 0x00000000c3d00000| Complete 
|  38|0x00000000c3e00000, 0x00000000c3f00000, 0x00000000c3f00000|100%| S|CS|TAMS 0x00000000c3e00000, 0x00000000c3e00000| Complete 
|  39|0x00000000c3f00000, 0x00000000c3f00000, 0x00000000c4000000|  0%| F|  |TAMS 0x00000000c3f00000, 0x00000000c3f00000| Untracked 
|  40|0x00000000c4000000, 0x00000000c4000000, 0x00000000c4100000|  0%| F|  |TAMS 0x00000000c4000000, 0x00000000c4000000| Untracked 
|  41|0x00000000c4100000, 0x00000000c4100000, 0x00000000c4200000|  0%| F|  |TAMS 0x00000000c4100000, 0x00000000c4100000| Untracked 
|  42|0x00000000c4200000, 0x00000000c4200000, 0x00000000c4300000|  0%| F|  |TAMS 0x00000000c4200000, 0x00000000c4200000| Untracked 
|  43|0x00000000c4300000, 0x00000000c4300000, 0x00000000c4400000|  0%| F|  |TAMS 0x00000000c4300000, 0x00000000c4300000| Untracked 
|  44|0x00000000c4400000, 0x00000000c4400000, 0x00000000c4500000|  0%| F|  |TAMS 0x00000000c4400000, 0x00000000c4400000| Untracked 
|  45|0x00000000c4500000, 0x00000000c4500000, 0x00000000c4600000|  0%| F|  |TAMS 0x00000000c4500000, 0x00000000c4500000| Untracked 
|  46|0x00000000c4600000, 0x00000000c4600000, 0x00000000c4700000|  0%| F|  |TAMS 0x00000000c4600000, 0x00000000c4600000| Untracked 
|  47|0x00000000c4700000, 0x00000000c4700000, 0x00000000c4800000|  0%| F|  |TAMS 0x00000000c4700000, 0x00000000c4700000| Untracked 
|  48|0x00000000c4800000, 0x00000000c4800000, 0x00000000c4900000|  0%| F|  |TAMS 0x00000000c4800000, 0x00000000c4800000| Untracked 
|  49|0x00000000c4900000, 0x00000000c4900000, 0x00000000c4a00000|  0%| F|  |TAMS 0x00000000c4900000, 0x00000000c4900000| Untracked 
|  50|0x00000000c4a00000, 0x00000000c4b00000, 0x00000000c4b00000|100%| E|  |TAMS 0x00000000c4a00000, 0x00000000c4a00000| Complete 
|  51|0x00000000c4b00000, 0x00000000c4c00000, 0x00000000c4c00000|100%| E|CS|TAMS 0x00000000c4b00000, 0x00000000c4b00000| Complete 
|  52|0x00000000c4c00000, 0x00000000c4d00000, 0x00000000c4d00000|100%| E|CS|TAMS 0x00000000c4c00000, 0x00000000c4c00000| Complete 
|  53|0x00000000c4d00000, 0x00000000c4e00000, 0x00000000c4e00000|100%| E|CS|TAMS 0x00000000c4d00000, 0x00000000c4d00000| Complete 
|  54|0x00000000c4e00000, 0x00000000c4f00000, 0x00000000c4f00000|100%| E|CS|TAMS 0x00000000c4e00000, 0x00000000c4e00000| Complete 
|  55|0x00000000c4f00000, 0x00000000c5000000, 0x00000000c5000000|100%| E|CS|TAMS 0x00000000c4f00000, 0x00000000c4f00000| Complete 
|  56|0x00000000c5000000, 0x00000000c5100000, 0x00000000c5100000|100%| E|CS|TAMS 0x00000000c5000000, 0x00000000c5000000| Complete 
|  57|0x00000000c5100000, 0x00000000c5200000, 0x00000000c5200000|100%| E|CS|TAMS 0x00000000c5100000, 0x00000000c5100000| Complete 
|  58|0x00000000c5200000, 0x00000000c5300000, 0x00000000c5300000|100%| E|CS|TAMS 0x00000000c5200000, 0x00000000c5200000| Complete 
|  59|0x00000000c5300000, 0x00000000c5400000, 0x00000000c5400000|100%| E|CS|TAMS 0x00000000c5300000, 0x00000000c5300000| Complete 
|  60|0x00000000c5400000, 0x00000000c5500000, 0x00000000c5500000|100%| E|CS|TAMS 0x00000000c5400000, 0x00000000c5400000| Complete 
|  61|0x00000000c5500000, 0x00000000c5600000, 0x00000000c5600000|100%| E|CS|TAMS 0x00000000c5500000, 0x00000000c5500000| Complete 
|  62|0x00000000c5600000, 0x00000000c5700000, 0x00000000c5700000|100%| E|CS|TAMS 0x00000000c5600000, 0x00000000c5600000| Complete 
|  63|0x00000000c5700000, 0x00000000c5800000, 0x00000000c5800000|100%| E|CS|TAMS 0x00000000c5700000, 0x00000000c5700000| Complete 
|  64|0x00000000c5800000, 0x00000000c5900000, 0x00000000c5900000|100%| E|CS|TAMS 0x00000000c5800000, 0x00000000c5800000| Complete 
|  65|0x00000000c5900000, 0x00000000c5a00000, 0x00000000c5a00000|100%| E|CS|TAMS 0x00000000c5900000, 0x00000000c5900000| Complete 
|  66|0x00000000c5a00000, 0x00000000c5b00000, 0x00000000c5b00000|100%| E|CS|TAMS 0x00000000c5a00000, 0x00000000c5a00000| Complete 
|  67|0x00000000c5b00000, 0x00000000c5c00000, 0x00000000c5c00000|100%| E|CS|TAMS 0x00000000c5b00000, 0x00000000c5b00000| Complete 
|  68|0x00000000c5c00000, 0x00000000c5d00000, 0x00000000c5d00000|100%| E|CS|TAMS 0x00000000c5c00000, 0x00000000c5c00000| Complete 
|  69|0x00000000c5d00000, 0x00000000c5e00000, 0x00000000c5e00000|100%| E|CS|TAMS 0x00000000c5d00000, 0x00000000c5d00000| Complete 
|  70|0x00000000c5e00000, 0x00000000c5f00000, 0x00000000c5f00000|100%| E|CS|TAMS 0x00000000c5e00000, 0x00000000c5e00000| Complete 
|  71|0x00000000c5f00000, 0x00000000c6000000, 0x00000000c6000000|100%| E|CS|TAMS 0x00000000c5f00000, 0x00000000c5f00000| Complete 
|  72|0x00000000c6000000, 0x00000000c6100000, 0x00000000c6100000|100%| E|CS|TAMS 0x00000000c6000000, 0x00000000c6000000| Complete 
|  73|0x00000000c6100000, 0x00000000c6200000, 0x00000000c6200000|100%| E|CS|TAMS 0x00000000c6100000, 0x00000000c6100000| Complete 
|  74|0x00000000c6200000, 0x00000000c6300000, 0x00000000c6300000|100%| E|CS|TAMS 0x00000000c6200000, 0x00000000c6200000| Complete 
|  75|0x00000000c6300000, 0x00000000c6400000, 0x00000000c6400000|100%| E|CS|TAMS 0x00000000c6300000, 0x00000000c6300000| Complete 
|  76|0x00000000c6400000, 0x00000000c6500000, 0x00000000c6500000|100%| E|CS|TAMS 0x00000000c6400000, 0x00000000c6400000| Complete 

Card table byte_map: [0x000001ccaaaf0000,0x000001ccaacf0000] _byte_map_base: 0x000001ccaa4e4000

Marking Bits (Prev, Next): (CMBitMap*) 0x000001cc93460cf8, (CMBitMap*) 0x000001cc93460d30
 Prev Bits: [0x000001ccaaef0000, 0x000001ccabe90000)
 Next Bits: [0x000001ccabe90000, 0x000001ccace30000)

Polling page: 0x000001cc913f0000

Metaspace:

Usage:
  Non-class:     47.70 MB capacity,    46.76 MB ( 98%) used,   768.27 KB (  2%) free+waste,   199.94 KB ( <1%) overhead. 
      Class:      7.32 MB capacity,     6.68 MB ( 91%) used,   563.85 KB (  8%) free+waste,    95.31 KB (  1%) overhead. 
       Both:     55.03 MB capacity,    53.44 MB ( 97%) used,     1.30 MB (  2%) free+waste,   295.25 KB ( <1%) overhead. 

Virtual space:
  Non-class space:       48.00 MB reserved,      47.75 MB (>99%) committed 
      Class space:        1.00 GB reserved,       7.38 MB ( <1%) committed 
             Both:        1.05 GB reserved,      55.13 MB (  5%) committed 

Chunk freelists:
   Non-Class:  6.13 KB
       Class:  2.50 KB
        Both:  8.63 KB

CodeHeap 'non-profiled nmethods': size=120064Kb used=2973Kb max_used=2973Kb free=117091Kb
 bounds [0x000001cca33b0000, 0x000001cca36a0000, 0x000001ccaa8f0000]
CodeHeap 'profiled nmethods': size=120000Kb used=11306Kb max_used=11306Kb free=108693Kb
 bounds [0x000001cc9be80000, 0x000001cc9c990000, 0x000001cca33b0000]
CodeHeap 'non-nmethods': size=5696Kb used=1157Kb max_used=1205Kb free=4538Kb
 bounds [0x000001cc9b8f0000, 0x000001cc9bb60000, 0x000001cc9be80000]
 total_blobs=5318 nmethods=4820 adapters=409
 compilation: enabled
              stopped_count=0, restarted_count=0
 full_count=0

Compilation events (10 events):
Event: 43.615 Thread 0x000001ccafb37000 4877       3       org.springframework.beans.factory.annotation.AutowiredAnnotationBeanPostProcessor::postProcessMergedBeanDefinition (16 bytes)
Event: 43.615 Thread 0x000001ccafb37000 nmethod 4877 0x000001cc9c984610 code [0x000001cc9c9847c0, 0x000001cc9c9849b8]
Event: 43.615 Thread 0x000001ccafb37000 4878       3       org.springframework.beans.factory.support.AbstractAutowireCapableBeanFactory::populateBean (372 bytes)
Event: 43.619 Thread 0x000001ccafb37000 nmethod 4878 0x000001cc9c984a90 code [0x000001cc9c984f60, 0x000001cc9c988198]
Event: 43.619 Thread 0x000001ccafb37000 4879       3       java.lang.reflect.Constructor::hashCode (11 bytes)
Event: 43.619 Thread 0x000001ccafb37000 nmethod 4879 0x000001cc9c988e90 code [0x000001cc9c989060, 0x000001cc9c989298]
Event: 43.619 Thread 0x000001ccafb37000 4880       3       org.springframework.beans.factory.annotation.InitDestroyAnnotationBeanPostProcessor::postProcessAfterInitialization (2 bytes)
Event: 43.619 Thread 0x000001ccafb37000 nmethod 4880 0x000001cc9c989390 code [0x000001cc9c989520, 0x000001cc9c989618]
Event: 48.730 Thread 0x000001ccafb35000 nmethod 4816 0x000001cca368ed90 code [0x000001cca368f240, 0x000001cca36949c0]
Event: 48.731 Thread 0x000001ccafb35000 4824       4       org.springframework.boot.context.properties.source.ConfigurationPropertyName::elementsOf (147 bytes)

GC Heap History (10 events):
Event: 15.275 GC heap before
{Heap before GC invocations=9 (full 0):
 garbage-first heap   total 65536K, used 13771K [0x00000000c1800000, 0x0000000100000000)
  region size 1024K, 5 young (5120K), 4 survivors (4096K)
 Metaspace       used 34968K, capacity 35725K, committed 35840K, reserved 1081344K
  class space    used 4214K, capacity 4548K, committed 4608K, reserved 1048576K
}
Event: 15.292 GC heap after
{Heap after GC invocations=10 (full 0):
 garbage-first heap   total 65536K, used 13744K [0x00000000c1800000, 0x0000000100000000)
  region size 1024K, 3 young (3072K), 3 survivors (3072K)
 Metaspace       used 34968K, capacity 35725K, committed 35840K, reserved 1081344K
  class space    used 4214K, capacity 4548K, committed 4608K, reserved 1048576K
}
Event: 20.437 GC heap before
{Heap before GC invocations=11 (full 0):
 garbage-first heap   total 65536K, used 44464K [0x00000000c1800000, 0x0000000100000000)
  region size 1024K, 33 young (33792K), 3 survivors (3072K)
 Metaspace       used 39218K, capacity 40264K, committed 40320K, reserved 1085440K
  class space    used 4791K, capacity 5205K, committed 5248K, reserved 1048576K
}
Event: 20.453 GC heap after
{Heap after GC invocations=12 (full 0):
 garbage-first heap   total 78848K, used 15673K [0x00000000c1800000, 0x0000000100000000)
  region size 1024K, 5 young (5120K), 5 survivors (5120K)
 Metaspace       used 39218K, capacity 40264K, committed 40320K, reserved 1085440K
  class space    used 4791K, capacity 5205K, committed 5248K, reserved 1048576K
}
Event: 23.882 GC heap before
{Heap before GC invocations=12 (full 0):
 garbage-first heap   total 78848K, used 56633K [0x00000000c1800000, 0x0000000100000000)
  region size 1024K, 41 young (41984K), 5 survivors (5120K)
 Metaspace       used 41957K, capacity 43040K, committed 43264K, reserved 1087488K
  class space    used 5105K, capacity 5532K, committed 5632K, reserved 1048576K
}
Event: 23.896 GC heap after
{Heap after GC invocations=13 (full 0):
 garbage-first heap   total 78848K, used 16721K [0x00000000c1800000, 0x0000000100000000)
  region size 1024K, 4 young (4096K), 4 survivors (4096K)
 Metaspace       used 41957K, capacity 43040K, committed 43264K, reserved 1087488K
  class space    used 5105K, capacity 5532K, committed 5632K, reserved 1048576K
}
Event: 31.214 GC heap before
{Heap before GC invocations=13 (full 0):
 garbage-first heap   total 78848K, used 54609K [0x00000000c1800000, 0x0000000100000000)
  region size 1024K, 41 young (41984K), 4 survivors (4096K)
 Metaspace       used 48019K, capacity 49264K, committed 49536K, reserved 1091584K
  class space    used 5914K, capacity 6431K, committed 6528K, reserved 1048576K
}
Event: 31.236 GC heap after
{Heap after GC invocations=14 (full 0):
 garbage-first heap   total 78848K, used 19215K [0x00000000c1800000, 0x0000000100000000)
  region size 1024K, 6 young (6144K), 6 survivors (6144K)
 Metaspace       used 48019K, capacity 49264K, committed 49536K, reserved 1091584K
  class space    used 5914K, capacity 6431K, committed 6528K, reserved 1048576K
}
Event: 34.070 GC heap before
{Heap before GC invocations=14 (full 0):
 garbage-first heap   total 78848K, used 58127K [0x00000000c1800000, 0x0000000100000000)
  region size 1024K, 44 young (45056K), 6 survivors (6144K)
 Metaspace       used 52050K, capacity 53632K, committed 53760K, reserved 1095680K
  class space    used 6488K, capacity 7117K, committed 7168K, reserved 1048576K
}
Event: 34.093 GC heap after
{Heap after GC invocations=15 (full 0):
 garbage-first heap   total 78848K, used 22221K [0x00000000c1800000, 0x0000000100000000)
  region size 1024K, 6 young (6144K), 6 survivors (6144K)
 Metaspace       used 52050K, capacity 53632K, committed 53760K, reserved 1095680K
  class space    used 6488K, capacity 7117K, committed 7168K, reserved 1048576K
}

Deoptimization events (10 events):
Event: 33.048 Thread 0x000001cc93436800 Uncommon trap: reason=class_check action=maybe_recompile pc=0x000001cca35ac16c method=java.util.regex.Matcher.search(I)Z @ 121 c2
Event: 33.048 Thread 0x000001cc93436800 Uncommon trap: reason=class_check action=maybe_recompile pc=0x000001cca35ac16c method=java.util.regex.Matcher.search(I)Z @ 121 c2
Event: 33.094 Thread 0x000001cc93436800 Uncommon trap: reason=class_check action=maybe_recompile pc=0x000001cca35eb1d4 method=org.springframework.beans.factory.support.AbstractBeanFactory.isTypeMatch(Ljava/lang/String;Lorg/springframework/core/ResolvableType;Z)Z @ 53 c2
Event: 33.285 Thread 0x000001cc93436800 Uncommon trap: reason=class_check action=maybe_recompile pc=0x000001cca3600548 method=java.lang.reflect.Method.equals(Ljava/lang/Object;)Z @ 5 c2
Event: 33.387 Thread 0x000001cc93436800 Uncommon trap: reason=unstable_if action=reinterpret pc=0x000001cca360055c method=java.lang.reflect.Method.equals(Ljava/lang/Object;)Z @ 1 c2
Event: 33.904 Thread 0x000001cc93436800 Uncommon trap: reason=unstable_if action=reinterpret pc=0x000001cca362afa0 method=org.springframework.core.annotation.AnnotationsScanner.processMethodHierarchy(Ljava/lang/Object;[ILjava/lang/Class;Lorg/springframework/core/annotation/AnnotationsProcessor;
Event: 34.623 Thread 0x000001cc93436800 Uncommon trap: reason=unstable_if action=reinterpret pc=0x000001cca35ad3f8 method=java.util.regex.Matcher.reset()Ljava/util/regex/Matcher; @ 71 c2
Event: 35.255 Thread 0x000001cc93436800 Uncommon trap: reason=unstable_if action=reinterpret pc=0x000001cca35570f8 method=org.springframework.beans.factory.support.DefaultSingletonBeanRegistry.getSingleton(Ljava/lang/String;Z)Ljava/lang/Object; @ 39 c2
Event: 35.869 Thread 0x000001cc93436800 Uncommon trap: reason=unstable_if action=reinterpret pc=0x000001cca3516d18 method=sun.reflect.annotation.AnnotationInvocationHandler.invoke(Ljava/lang/Object;Ljava/lang/reflect/Method;[Ljava/lang/Object;)Ljava/lang/Object; @ 76 c2
Event: 43.347 Thread 0x000001cc93436800 Uncommon trap: reason=unstable_if action=reinterpret pc=0x000001cca345ea60 method=sun.net.util.IPAddressUtil.scan(Ljava/lang/String;JJ[C)I @ 14 c2

Classes redefined (0 events):
No events

Internal exceptions (10 events):
Event: 33.382 Thread 0x000001cc93436800 Exception <a 'java/lang/ClassNotFoundException'{0x00000000c495eb68}: org/springframework/context/ApplicationContextAwareCustomizer> (0x00000000c495eb68) thrown at [./open/src/hotspot/share/classfile/systemDictionary.cpp, line 228]
Event: 33.383 Thread 0x000001cc93436800 Exception <a 'java/lang/ClassNotFoundException'{0x00000000c496e8e8}: org/springframework/beans/factory/AwareCustomizer> (0x00000000c496e8e8) thrown at [./open/src/hotspot/share/classfile/systemDictionary.cpp, line 228]
Event: 33.384 Thread 0x000001cc93436800 Exception <a 'java/lang/ClassNotFoundException'{0x00000000c497edd0}: org/springframework/web/context/ServletContextAwareCustomizer> (0x00000000c497edd0) thrown at [./open/src/hotspot/share/classfile/systemDictionary.cpp, line 228]
Event: 33.386 Thread 0x000001cc93436800 Exception <a 'java/lang/ClassNotFoundException'{0x00000000c498e868}: org/springframework/beans/factory/AwareCustomizer> (0x00000000c498e868) thrown at [./open/src/hotspot/share/classfile/systemDictionary.cpp, line 228]
Event: 33.387 Thread 0x000001cc93436800 Implicit null exception at 0x000001cca360044c to 0x000001cca3600548
Event: 34.924 Thread 0x000001cc93436800 Exception <a 'java/lang/IncompatibleClassChangeError'{0x00000000c5db1c18}: Found class java.lang.Object, but interface was expected> (0x00000000c5db1c18) thrown at [./open/src/hotspot/share/interpreter/linkResolver.cpp, line 838]
Event: 35.857 Thread 0x000001cc93436800 Exception <a 'java/lang/ClassNotFoundException'{0x00000000c537ae48}: java/lang/ObjectCustomizer> (0x00000000c537ae48) thrown at [./open/src/hotspot/share/classfile/systemDictionary.cpp, line 228]
Event: 35.860 Thread 0x000001cc93436800 Exception <a 'java/lang/ClassNotFoundException'{0x00000000c5393ad0}: org/springframework/cloud/client/discovery/simple/SimpleDiscoveryClientAutoConfigurationCustomizer> (0x00000000c5393ad0) thrown at [./open/src/hotspot/share/classfile/systemDictionary.cp
Event: 35.861 Thread 0x000001cc93436800 Exception <a 'java/lang/ClassNotFoundException'{0x00000000c53aa5d0}: org/springframework/context/ApplicationListenerCustomizer> (0x00000000c53aa5d0) thrown at [./open/src/hotspot/share/classfile/systemDictionary.cpp, line 228]
Event: 35.862 Thread 0x000001cc93436800 Exception <a 'java/lang/ClassNotFoundException'{0x00000000c53aeb18}: java/util/EventListenerCustomizer> (0x00000000c53aeb18) thrown at [./open/src/hotspot/share/classfile/systemDictionary.cpp, line 228]

Events (10 events):
Event: 43.629 loading class org/apache/http/HttpResponseInterceptor
Event: 43.629 loading class org/apache/http/HttpResponseInterceptor done
Event: 43.630 loading class org/apache/http/config/Lookup
Event: 43.630 loading class org/apache/http/config/Lookup done
Event: 43.630 loading class org/apache/http/impl/execchain/ClientExecChain
Event: 43.630 loading class org/apache/http/impl/execchain/ClientExecChain done
Event: 48.710 loading class org/apache/http/client/HttpRequestRetryHandler
Event: 48.710 loading class org/apache/http/client/HttpRequestRetryHandler done
Event: 48.751 loading class org/apache/http/conn/SchemePortResolver
Event: 48.751 loading class org/apache/http/conn/SchemePortResolver done


Dynamic libraries:
0x00007ff688b90000 - 0x00007ff688b9f000 	C:\Program Files\Java\jdk-11.0.12\bin\java.exe
0x00007ff99d5b0000 - 0x00007ff99d7a5000 	C:\Windows\SYSTEM32\ntdll.dll
0x00007ff99c490000 - 0x00007ff99c54e000 	C:\Windows\System32\KERNEL32.DLL
0x00007ff99acd0000 - 0x00007ff99af98000 	C:\Windows\System32\KERNELBASE.dll
0x00007ff99b0c0000 - 0x00007ff99b1c0000 	C:\Windows\System32\ucrtbase.dll
0x00007ff995270000 - 0x00007ff995285000 	C:\Program Files\Java\jdk-11.0.12\bin\VCRUNTIME140.dll
0x00007ff9965c0000 - 0x00007ff9965d8000 	C:\Program Files\Java\jdk-11.0.12\bin\jli.dll
0x00007ff99c3e0000 - 0x00007ff99c48e000 	C:\Windows\System32\ADVAPI32.dll
0x00007ff99b610000 - 0x00007ff99b6ae000 	C:\Windows\System32\msvcrt.dll
0x00007ff99d4d0000 - 0x00007ff99d56c000 	C:\Windows\System32\sechost.dll
0x00007ff99bb20000 - 0x00007ff99bc45000 	C:\Windows\System32\RPCRT4.dll
0x00007ff99cd80000 - 0x00007ff99cf20000 	C:\Windows\System32\USER32.dll
0x00007ff99b540000 - 0x00007ff99b562000 	C:\Windows\System32\win32u.dll
0x00007ff99cfb0000 - 0x00007ff99cfdb000 	C:\Windows\System32\GDI32.dll
0x00007ff99b400000 - 0x00007ff99b50b000 	C:\Windows\System32\gdi32full.dll
0x00007ff99b570000 - 0x00007ff99b60d000 	C:\Windows\System32\msvcp_win.dll
0x00007ff9888a0000 - 0x00007ff988b3a000 	C:\Windows\WinSxS\amd64_microsoft.windows.common-controls_6595b64144ccf1df_6.0.19041.1110_none_60b5254171f9507e\COMCTL32.dll
0x00007ff991f70000 - 0x00007ff991f7a000 	C:\Windows\SYSTEM32\VERSION.dll
0x00007ff99c3a0000 - 0x00007ff99c3d0000 	C:\Windows\System32\IMM32.DLL
0x00007ff97cbe0000 - 0x00007ff97cc7b000 	C:\Program Files\Java\jdk-11.0.12\bin\msvcp140.dll
0x00007ff9631d0000 - 0x00007ff963ccf000 	C:\Program Files\Java\jdk-11.0.12\bin\server\jvm.dll
0x00007ff986160000 - 0x00007ff986187000 	C:\Windows\SYSTEM32\WINMM.dll
0x00007ff9879a0000 - 0x00007ff9879a9000 	C:\Windows\SYSTEM32\WSOCK32.dll
0x00007ff99cc20000 - 0x00007ff99cc8b000 	C:\Windows\System32\WS2_32.dll
0x00007ff99b940000 - 0x00007ff99b948000 	C:\Windows\System32\PSAPI.DLL
0x00007ff999530000 - 0x00007ff999542000 	C:\Windows\SYSTEM32\kernel.appcore.dll
0x00007ff996390000 - 0x00007ff9963a0000 	C:\Program Files\Java\jdk-11.0.12\bin\verify.dll
0x00007ff998a90000 - 0x00007ff998c74000 	C:\Windows\SYSTEM32\DBGHELP.DLL
0x00007ff986ab0000 - 0x00007ff986adc000 	C:\Windows\SYSTEM32\dbgcore.DLL
0x00007ff99b1c0000 - 0x00007ff99b242000 	C:\Windows\System32\bcryptPrimitives.dll
0x00007ff992390000 - 0x00007ff9923b8000 	C:\Program Files\Java\jdk-11.0.12\bin\java.dll
0x00007ff996320000 - 0x00007ff99632a000 	C:\Program Files\Java\jdk-11.0.12\bin\jimage.dll
0x00007ff9944f0000 - 0x00007ff9944fe000 	C:\Program Files\Java\jdk-11.0.12\bin\instrument.dll
0x00007ff994010000 - 0x00007ff994026000 	C:\Program Files\Java\jdk-11.0.12\bin\zip.dll
0x00007ff99bc50000 - 0x00007ff99c394000 	C:\Windows\System32\SHELL32.dll
0x00007ff998d80000 - 0x00007ff999514000 	C:\Windows\SYSTEM32\windows.storage.dll
0x00007ff99d090000 - 0x00007ff99d3e4000 	C:\Windows\System32\combase.dll
0x00007ff99a6c0000 - 0x00007ff99a6ec000 	C:\Windows\SYSTEM32\Wldp.dll
0x00007ff99cfe0000 - 0x00007ff99d08d000 	C:\Windows\System32\SHCORE.dll
0x00007ff99cc90000 - 0x00007ff99cce5000 	C:\Windows\System32\shlwapi.dll
0x00007ff99ac10000 - 0x00007ff99ac2f000 	C:\Windows\SYSTEM32\profapi.dll
0x00007ff993a30000 - 0x00007ff993a49000 	C:\Program Files\Java\jdk-11.0.12\bin\net.dll
0x00007ff989e50000 - 0x00007ff989f59000 	C:\Windows\SYSTEM32\WINHTTP.dll
0x00007ff99a3c0000 - 0x00007ff99a42a000 	C:\Windows\system32\mswsock.dll
0x00007ff992370000 - 0x00007ff992382000 	C:\Program Files\Java\jdk-11.0.12\bin\nio.dll
0x00007ff992300000 - 0x00007ff99231a000 	C:\Program Files\JetBrains\IntelliJ IDEA Community Edition 2021.3.2\bin\breakgen64.dll
0x00007ff99a0b0000 - 0x00007ff99a0eb000 	C:\Windows\SYSTEM32\IPHLPAPI.DLL
0x00007ff99cfa0000 - 0x00007ff99cfa8000 	C:\Windows\System32\NSI.dll
0x00007ff991f80000 - 0x00007ff991f97000 	C:\Windows\SYSTEM32\dhcpcsvc6.DLL
0x00007ff991ce0000 - 0x00007ff991cfd000 	C:\Windows\SYSTEM32\dhcpcsvc.DLL
0x00007ff99a0f0000 - 0x00007ff99a1ba000 	C:\Windows\SYSTEM32\DNSAPI.dll
0x00007ff988c60000 - 0x00007ff988c6a000 	C:\Windows\System32\rasadhlp.dll
0x00007ff989a20000 - 0x00007ff989a9f000 	C:\Windows\System32\fwpuclnt.dll
0x00007ff99b510000 - 0x00007ff99b537000 	C:\Windows\System32\bcrypt.dll
0x00007ff9944e0000 - 0x00007ff9944e9000 	C:\Program Files\Java\jdk-11.0.12\bin\management.dll
0x00007ff994130000 - 0x00007ff99413b000 	C:\Program Files\Java\jdk-11.0.12\bin\management_ext.dll
0x00007ff97a930000 - 0x00007ff97a947000 	C:\Windows\system32\napinsp.dll
0x00007ff97a910000 - 0x00007ff97a92b000 	C:\Windows\system32\pnrpnsp.dll
0x00007ff995410000 - 0x00007ff995425000 	C:\Windows\system32\wshbth.dll
0x00007ff9962c0000 - 0x00007ff9962dd000 	C:\Windows\system32\NLAapi.dll
0x00007ff97a8f0000 - 0x00007ff97a902000 	C:\Windows\System32\winrnr.dll
0x00007ff99a5b0000 - 0x00007ff99a5c8000 	C:\Windows\SYSTEM32\CRYPTSP.dll
0x00007ff999d10000 - 0x00007ff999d44000 	C:\Windows\system32\rsaenh.dll
0x00007ff99abd0000 - 0x00007ff99abfe000 	C:\Windows\SYSTEM32\USERENV.dll
0x00007ff99a5d0000 - 0x00007ff99a5dc000 	C:\Windows\SYSTEM32\CRYPTBASE.dll
0x00007ff9872c0000 - 0x00007ff9872e5000 	C:\Program Files\Java\jdk-11.0.12\bin\sunec.dll

dbghelp: loaded successfully - version: 4.0.5 - missing functions: none
symbol engine: initialized successfully - sym options: 0x614 - pdb path: .;C:\Program Files\Java\jdk-11.0.12\bin;C:\Windows\SYSTEM32;C:\Windows\WinSxS\amd64_microsoft.windows.common-controls_6595b64144ccf1df_6.0.19041.1110_none_60b5254171f9507e;C:\Program Files\Java\jdk-11.0.12\bin\server;C:\Program Files\JetBrains\IntelliJ IDEA Community Edition 2021.3.2\bin

VM Arguments:
jvm_args: -javaagent:C:\Program Files\JetBrains\IntelliJ IDEA Community Edition 2021.3.2\lib\idea_rt.jar=64320:C:\Program Files\JetBrains\IntelliJ IDEA Community Edition 2021.3.2\bin -Dfile.encoding=UTF-8 
java_command: com.example.addRestuarantService.AddRestuarantServiceApplication
java_class_path (initial): C:\Users\DELL\wave16git\FinalProject\foodieapplication_project\FoodieApplication\addRestuarantService\target\classes;C:\Users\DELL\.m2\repository\org\springframework\cloud\spring-cloud-starter-netflix-eureka-client\3.0.3\spring-cloud-starter-netflix-eureka-client-3.0.3.jar;C:\Users\DELL\.m2\repository\org\springframework\cloud\spring-cloud-starter\3.0.3\spring-cloud-starter-3.0.3.jar;C:\Users\DELL\.m2\repository\org\springframework\cloud\spring-cloud-context\3.0.3\spring-cloud-context-3.0.3.jar;C:\Users\DELL\.m2\repository\org\springframework\security\spring-security-crypto\5.6.2\spring-security-crypto-5.6.2.jar;C:\Users\DELL\.m2\repository\org\springframework\cloud\spring-cloud-commons\3.0.3\spring-cloud-commons-3.0.3.jar;C:\Users\DELL\.m2\repository\org\springframework\security\spring-security-rsa\1.0.10.RELEASE\spring-security-rsa-1.0.10.RELEASE.jar;C:\Users\DELL\.m2\repository\org\bouncycastle\bcpkix-jdk15on\1.68\bcpkix-jdk15on-1.68.jar;C:\Users\DELL\.m2\repository\org\bouncycastle\bcprov-jdk15on\1.68\bcprov-jdk15on-1.68.jar;C:\Users\DELL\.m2\repository\org\springframework\cloud\spring-cloud-netflix-eureka-client\3.0.3\spring-cloud-netflix-eureka-client-3.0.3.jar;C:\Users\DELL\.m2\repository\com\netflix\eureka\eureka-client\1.10.14\eureka-client-1.10.14.jar;C:\Users\DELL\.m2\repository\com\netflix\netflix-commons\netflix-eventbus\0.3.0\netflix-eventbus-0.3.0.jar;C:\Users\DELL\.m2\repository\com\netflix\netflix-commons\netflix-infix\0.3.0\netflix-infix-0.3.0.jar;C:\Users\DELL\.m2\repository\commons-jxpath\commons-jxpath\1.3\commons-jxpath-1.3.jar;C:\Users\DELL\.m2\repository\joda-time\joda-time\2.3\joda-time-2.3.jar;C:\Users\DELL\.m2\repository\org\antlr\antlr-runtime\3.4\antlr-runtime-3.4.jar;C:\Users\DELL\.m2\repository\org\antlr\stringtemplate\3.2.1\stringtemplate-3.2.1.jar;C:\Users\DELL\.m2\repository\antlr\antlr\2.7.7\antlr-2.7.7.jar;C:\Users\DELL\.m2\repository\com\google\code\gson\gson\2.8.9\gson-2.8.9.jar;C:\Users\DELL\.m2\rep
Launcher Type: SUN_STANDARD

[Global flags]
     intx CICompilerCount                          = 3                                         {product} {ergonomic}
     uint ConcGCThreads                            = 1                                         {product} {ergonomic}
     uint G1ConcRefinementThreads                  = 4                                         {product} {ergonomic}
   size_t G1HeapRegionSize                         = 1048576                                   {product} {ergonomic}
    uintx GCDrainStackTargetSize                   = 64                                        {product} {ergonomic}
   size_t InitialHeapSize                          = 67108864                                  {product} {ergonomic}
   size_t MarkStackSize                            = 4194304                                   {product} {ergonomic}
   size_t MaxHeapSize                              = 1048576000                                {product} {ergonomic}
   size_t MaxNewSize                               = 629145600                                 {product} {ergonomic}
   size_t MinHeapDeltaBytes                        = 1048576                                   {product} {ergonomic}
    uintx NonNMethodCodeHeapSize                   = 5830732                                {pd product} {ergonomic}
    uintx NonProfiledCodeHeapSize                  = 122913754                              {pd product} {ergonomic}
    uintx ProfiledCodeHeapSize                     = 122913754                              {pd product} {ergonomic}
    uintx ReservedCodeCacheSize                    = 251658240                              {pd product} {ergonomic}
     bool SegmentedCodeCache                       = true                                      {product} {ergonomic}
     bool UseCompressedClassPointers               = true                                 {lp64_product} {ergonomic}
     bool UseCompressedOops                        = true                                 {lp64_product} {ergonomic}
     bool UseG1GC                                  = true                                      {product} {ergonomic}
     bool UseLargePagesIndividualAllocation        = false                                  {pd product} {ergonomic}

Logging:
Log output configuration:
 #0: stdout all=warning uptime,level,tags
 #1: stderr all=off uptime,level,tags

Environment Variables:
PATH=C:\Program Files\Common Files\Oracle\Java\javapath;C:\Windows\system32;C:\Windows;C:\Windows\System32\Wbem;C:\Windows\System32\WindowsPowerShell\v1.0\;C:\Windows\System32\OpenSSH\;C:\Program Files\Git\cmd;C:\Program Files\nodejs\;C:\Program Files\MongoDB\Server\5.0\bin;%AppData%\npm;C:\Users\DELL\Documents\apache-maven-3.8.4-bin\apache-maven-3.8.4\bin;;C:\Program Files\Docker\Docker\resources\bin;C:\ProgramData\DockerDesktop\version-bin;C:\Users\DELL\AppData\Local\Programs\Microsoft VS Code\bin;C:\Users\DELL\Documents\apache-maven-3.8.4-bin\apache-maven-3.8.4\bin;
USERNAME=DELL
OS=Windows_NT
PROCESSOR_IDENTIFIER=Intel64 Family 6 Model 142 Stepping 9, GenuineIntel



---------------  S Y S T E M  ---------------

OS: Windows 10 , 64 bit Build 19041 (10.0.19041.1566)
Hyper-V role detected

CPU:total 4 (initial active 4) (2 cores per cpu, 2 threads per core) family 6 model 142 stepping 9 microcode 0xea, cmov, cx8, fxsr, mmx, sse, sse2, sse3, ssse3, sse4.1, sse4.2, popcnt, avx, avx2, aes, clmul, erms, 3dnowpref, lzcnt, ht, tsc, tscinvbit, bmi1, bmi2, adx, fma

Memory: 4k page, system-wide physical 3993M (184M free)
TotalPageFile size 16281M (AvailPageFile size 10M)
current process WorkingSet (physical memory assigned to process): 92M, peak: 181M
current process commit charge ("private bytes"): 242M, peak: 264M

vm_info: Java HotSpot(TM) 64-Bit Server VM (11.0.12+8-LTS-237) for windows-amd64 JRE (11.0.12+8-LTS-237), built on Jun  8 2021 11:25:59 by "mach5one" with MS VC++ 15.9 (VS2017)

END.
